{"C:\\Users\\karen\\Downloads\\tracking-main\\apinpx\\src\\app.controller.ts": {"path":"C:\\Users\\karen\\Downloads\\tracking-main\\apinpx\\src\\app.controller.ts","statementMap":{"0":{"start":{"line":1,"column":0},"end":{"line":1,"column":49}},"1":{"start":{"line":2,"column":0},"end":{"line":2,"column":62}},"2":{"start":{"line":5,"column":7},"end":{"line":22,"column":null}},"3":{"start":{"line":6,"column":31},"end":{"line":6,"column":48}},"4":{"start":{"line":10,"column":21},"end":{"line":10,"column":48}},"5":{"start":{"line":11,"column":28},"end":{"line":14,"column":15}},"6":{"start":{"line":16,"column":4},"end":{"line":18,"column":5}},"7":{"start":{"line":17,"column":6},"end":{"line":17,"column":34}},"8":{"start":{"line":20,"column":4},"end":{"line":20,"column":30}},"9":{"start":{"line":5,"column":13},"end":{"line":5,"column":26}},"10":{"start":{"line":9,"column":8},"end":{"line":21,"column":null}},"11":{"start":{"line":5,"column":13},"end":{"line":22,"column":null}}},"fnMap":{"0":{"name":"(anonymous_2)","decl":{"start":{"line":6,"column":2},"end":{"line":6,"column":31}},"loc":{"start":{"line":6,"column":63},"end":{"line":6,"column":67}}},"1":{"name":"(anonymous_3)","decl":{"start":{"line":9,"column":8},"end":{"line":9,"column":20}},"loc":{"start":{"line":9,"column":20},"end":{"line":21,"column":3}}}},"branchMap":{"0":{"loc":{"start":{"line":16,"column":4},"end":{"line":18,"column":5}},"type":"if","locations":[{"start":{"line":16,"column":4},"end":{"line":18,"column":5}},{"start":{},"end":{}}]},"1":{"loc":{"start":{"line":6,"column":48},"end":{"line":6,"column":66}},"type":"cond-expr","locations":[{"start":{"line":6,"column":63},"end":{"line":6,"column":66}},{"start":{"line":6,"column":63},"end":{"line":6,"column":66}}]},"2":{"loc":{"start":{"line":6,"column":48},"end":{"line":6,"column":63}},"type":"binary-expr","locations":[{"start":{"line":6,"column":48},"end":{"line":6,"column":66}},{"start":{"line":6,"column":48},"end":{"line":6,"column":63}}]}},"s":{"0":1,"1":1,"2":1,"3":0,"4":0,"5":0,"6":0,"7":0,"8":0,"9":1,"10":1,"11":1},"f":{"0":0,"1":0},"b":{"0":[0,0],"1":[1,0],"2":[1,1]}}
,"C:\\Users\\karen\\Downloads\\tracking-main\\apinpx\\src\\app.module.ts": {"path":"C:\\Users\\karen\\Downloads\\tracking-main\\apinpx\\src\\app.module.ts","statementMap":{"0":{"start":{"line":1,"column":0},"end":{"line":1,"column":40}},"1":{"start":{"line":2,"column":0},"end":{"line":2,"column":46}},"2":{"start":{"line":3,"column":0},"end":{"line":3,"column":50}},"3":{"start":{"line":4,"column":0},"end":{"line":4,"column":49}},"4":{"start":{"line":5,"column":0},"end":{"line":5,"column":43}},"5":{"start":{"line":6,"column":0},"end":{"line":6,"column":60}},"6":{"start":{"line":7,"column":0},"end":{"line":7,"column":72}},"7":{"start":{"line":8,"column":0},"end":{"line":8,"column":48}},"8":{"start":{"line":9,"column":0},"end":{"line":9,"column":60}},"9":{"start":{"line":23,"column":7},"end":{"line":23,"column":null}},"10":{"start":{"line":23,"column":13},"end":{"line":23,"column":22}},"11":{"start":{"line":23,"column":13},"end":{"line":23,"column":null}}},"fnMap":{},"branchMap":{},"s":{"0":0,"1":0,"2":0,"3":0,"4":0,"5":0,"6":0,"7":0,"8":0,"9":0,"10":0,"11":0},"f":{},"b":{}}
,"C:\\Users\\karen\\Downloads\\tracking-main\\apinpx\\src\\app.service.ts": {"path":"C:\\Users\\karen\\Downloads\\tracking-main\\apinpx\\src\\app.service.ts","statementMap":{"0":{"start":{"line":1,"column":0},"end":{"line":1,"column":44}},"1":{"start":{"line":4,"column":7},"end":{"line":8,"column":null}},"2":{"start":{"line":6,"column":4},"end":{"line":6,"column":26}},"3":{"start":{"line":4,"column":13},"end":{"line":4,"column":23}},"4":{"start":{"line":4,"column":13},"end":{"line":8,"column":null}}},"fnMap":{"0":{"name":"(anonymous_1)","decl":{"start":{"line":5,"column":2},"end":{"line":5,"column":10}},"loc":{"start":{"line":5,"column":10},"end":{"line":7,"column":3}}}},"branchMap":{},"s":{"0":1,"1":1,"2":0,"3":1,"4":1},"f":{"0":0},"b":{}}
,"C:\\Users\\karen\\Downloads\\tracking-main\\apinpx\\src\\main.ts": {"path":"C:\\Users\\karen\\Downloads\\tracking-main\\apinpx\\src\\main.ts","statementMap":{"0":{"start":{"line":1,"column":0},"end":{"line":1,"column":43}},"1":{"start":{"line":2,"column":0},"end":{"line":2,"column":41}},"2":{"start":{"line":5,"column":14},"end":{"line":5,"column":49}},"3":{"start":{"line":8,"column":2},"end":{"line":14,"column":5}},"4":{"start":{"line":17,"column":15},"end":{"line":17,"column":39}},"5":{"start":{"line":18,"column":2},"end":{"line":18,"column":25}},"6":{"start":{"line":20,"column":2},"end":{"line":20,"column":52}},"7":{"start":{"line":22,"column":0},"end":{"line":22,"column":12}}},"fnMap":{"0":{"name":"bootstrap","decl":{"start":{"line":4,"column":15},"end":{"line":4,"column":24}},"loc":{"start":{"line":4,"column":24},"end":{"line":21,"column":1}}}},"branchMap":{"0":{"loc":{"start":{"line":17,"column":15},"end":{"line":17,"column":39}},"type":"binary-expr","locations":[{"start":{"line":17,"column":15},"end":{"line":17,"column":31}},{"start":{"line":17,"column":35},"end":{"line":17,"column":39}}]}},"s":{"0":0,"1":0,"2":0,"3":0,"4":0,"5":0,"6":0,"7":0},"f":{"0":0},"b":{"0":[0,0]}}
,"C:\\Users\\karen\\Downloads\\tracking-main\\apinpx\\src\\auth\\auth.controller.ts": {"path":"C:\\Users\\karen\\Downloads\\tracking-main\\apinpx\\src\\auth\\auth.controller.ts","statementMap":{"0":{"start":{"line":1,"column":0},"end":{"line":1,"column":null}},"1":{"start":{"line":10,"column":0},"end":{"line":10,"column":45}},"2":{"start":{"line":11,"column":0},"end":{"line":11,"column":52}},"3":{"start":{"line":12,"column":0},"end":{"line":12,"column":48}},"4":{"start":{"line":13,"column":0},"end":{"line":13,"column":42}},"5":{"start":{"line":14,"column":0},"end":{"line":14,"column":43}},"6":{"start":{"line":15,"column":0},"end":{"line":15,"column":90}},"7":{"start":{"line":16,"column":0},"end":{"line":16,"column":59}},"8":{"start":{"line":19,"column":7},"end":{"line":111,"column":null}},"9":{"start":{"line":20,"column":31},"end":{"line":20,"column":44}},"10":{"start":{"line":26,"column":4},"end":{"line":26,"column":44}},"11":{"start":{"line":39,"column":4},"end":{"line":39,"column":68}},"12":{"start":{"line":49,"column":4},"end":{"line":49,"column":38}},"13":{"start":{"line":57,"column":4},"end":{"line":57,"column":39}},"14":{"start":{"line":68,"column":4},"end":{"line":71,"column":6}},"15":{"start":{"line":78,"column":4},"end":{"line":78,"column":52}},"16":{"start":{"line":85,"column":4},"end":{"line":88,"column":6}},"17":{"start":{"line":98,"column":4},"end":{"line":100,"column":5}},"18":{"start":{"line":99,"column":6},"end":{"line":99,"column":68}},"19":{"start":{"line":103,"column":19},"end":{"line":103,"column":30}},"20":{"start":{"line":106,"column":22},"end":{"line":106,"column":70}},"21":{"start":{"line":108,"column":4},"end":{"line":108,"column":25}},"22":{"start":{"line":19,"column":13},"end":{"line":19,"column":27}},"23":{"start":{"line":25,"column":8},"end":{"line":27,"column":null}},"24":{"start":{"line":33,"column":8},"end":{"line":40,"column":null}},"25":{"start":{"line":48,"column":8},"end":{"line":50,"column":null}},"26":{"start":{"line":56,"column":8},"end":{"line":58,"column":null}},"27":{"start":{"line":64,"column":8},"end":{"line":72,"column":null}},"28":{"start":{"line":77,"column":8},"end":{"line":79,"column":null}},"29":{"start":{"line":84,"column":8},"end":{"line":89,"column":null}},"30":{"start":{"line":94,"column":8},"end":{"line":109,"column":null}},"31":{"start":{"line":19,"column":13},"end":{"line":111,"column":null}}},"fnMap":{"0":{"name":"(anonymous_4)","decl":{"start":{"line":20,"column":2},"end":{"line":20,"column":31}},"loc":{"start":{"line":20,"column":55},"end":{"line":20,"column":59}}},"1":{"name":"(anonymous_5)","decl":{"start":{"line":25,"column":8},"end":{"line":25,"column":13}},"loc":{"start":{"line":25,"column":28},"end":{"line":27,"column":3}}},"2":{"name":"(anonymous_6)","decl":{"start":{"line":33,"column":8},"end":{"line":33,"column":23}},"loc":{"start":{"line":37,"column":44},"end":{"line":40,"column":3}}},"3":{"name":"(anonymous_7)","decl":{"start":{"line":48,"column":8},"end":{"line":48,"column":20}},"loc":{"start":{"line":48,"column":20},"end":{"line":50,"column":3}}},"4":{"name":"(anonymous_8)","decl":{"start":{"line":56,"column":8},"end":{"line":56,"column":18}},"loc":{"start":{"line":56,"column":42},"end":{"line":58,"column":3}}},"5":{"name":"(anonymous_9)","decl":{"start":{"line":64,"column":8},"end":{"line":64,"column":27}},"loc":{"start":{"line":66,"column":44},"end":{"line":72,"column":1}}},"6":{"name":"(anonymous_10)","decl":{"start":{"line":77,"column":8},"end":{"line":77,"column":18}},"loc":{"start":{"line":77,"column":33},"end":{"line":79,"column":3}}},"7":{"name":"(anonymous_11)","decl":{"start":{"line":84,"column":8},"end":{"line":84,"column":14}},"loc":{"start":{"line":84,"column":29},"end":{"line":89,"column":3}}},"8":{"name":"(anonymous_12)","decl":{"start":{"line":94,"column":8},"end":{"line":94,"column":20}},"loc":{"start":{"line":96,"column":19},"end":{"line":109,"column":3}}}},"branchMap":{"0":{"loc":{"start":{"line":98,"column":4},"end":{"line":100,"column":5}},"type":"if","locations":[{"start":{"line":98,"column":4},"end":{"line":100,"column":5}},{"start":{},"end":{}}]},"1":{"loc":{"start":{"line":95,"column":26},"end":{"line":95,"column":null}},"type":"cond-expr","locations":[{"start":{"line":95,"column":45},"end":{"line":95,"column":null}},{"start":{"line":95,"column":45},"end":{"line":95,"column":null}}]},"2":{"loc":{"start":{"line":95,"column":26},"end":{"line":95,"column":45}},"type":"binary-expr","locations":[{"start":{"line":95,"column":26},"end":{"line":95,"column":34}},{"start":{"line":95,"column":33},"end":{"line":95,"column":41}},{"start":{"line":95,"column":40},"end":{"line":95,"column":45}}]},"3":{"loc":{"start":{"line":20,"column":44},"end":{"line":20,"column":58}},"type":"cond-expr","locations":[{"start":{"line":20,"column":55},"end":{"line":20,"column":58}},{"start":{"line":20,"column":55},"end":{"line":20,"column":58}}]},"4":{"loc":{"start":{"line":20,"column":44},"end":{"line":20,"column":55}},"type":"binary-expr","locations":[{"start":{"line":20,"column":44},"end":{"line":20,"column":58}},{"start":{"line":20,"column":44},"end":{"line":20,"column":55}}]}},"s":{"0":0,"1":0,"2":0,"3":0,"4":0,"5":0,"6":0,"7":0,"8":0,"9":0,"10":0,"11":0,"12":0,"13":0,"14":0,"15":0,"16":0,"17":0,"18":0,"19":0,"20":0,"21":0,"22":0,"23":0,"24":0,"25":0,"26":0,"27":0,"28":0,"29":0,"30":0,"31":0},"f":{"0":0,"1":0,"2":0,"3":0,"4":0,"5":0,"6":0,"7":0,"8":0},"b":{"0":[0,0],"1":[0,0],"2":[0,0,0],"3":[0,0],"4":[0,0]}}
,"C:\\Users\\karen\\Downloads\\tracking-main\\apinpx\\src\\auth\\auth.module.ts": {"path":"C:\\Users\\karen\\Downloads\\tracking-main\\apinpx\\src\\auth\\auth.module.ts","statementMap":{"0":{"start":{"line":1,"column":0},"end":{"line":1,"column":40}},"1":{"start":{"line":2,"column":0},"end":{"line":2,"column":40}},"2":{"start":{"line":3,"column":0},"end":{"line":3,"column":50}},"3":{"start":{"line":4,"column":0},"end":{"line":4,"column":45}},"4":{"start":{"line":5,"column":0},"end":{"line":5,"column":51}},"5":{"start":{"line":6,"column":0},"end":{"line":6,"column":45}},"6":{"start":{"line":7,"column":0},"end":{"line":7,"column":49}},"7":{"start":{"line":8,"column":0},"end":{"line":8,"column":48}},"8":{"start":{"line":9,"column":0},"end":{"line":9,"column":43}},"9":{"start":{"line":10,"column":0},"end":{"line":10,"column":61}},"10":{"start":{"line":35,"column":7},"end":{"line":35,"column":null}},"11":{"start":{"line":35,"column":13},"end":{"line":35,"column":23}},"12":{"start":{"line":35,"column":13},"end":{"line":35,"column":null}}},"fnMap":{},"branchMap":{"0":{"loc":{"start":{"line":17,"column":14},"end":{"line":17,"column":65}},"type":"binary-expr","locations":[{"start":{"line":17,"column":14},"end":{"line":17,"column":36}},{"start":{"line":17,"column":40},"end":{"line":17,"column":65}}]}},"s":{"0":0,"1":0,"2":0,"3":0,"4":0,"5":0,"6":0,"7":0,"8":0,"9":0,"10":0,"11":0,"12":0},"f":{},"b":{"0":[0,0]}}
,"C:\\Users\\karen\\Downloads\\tracking-main\\apinpx\\src\\auth\\auth.service.ts": {"path":"C:\\Users\\karen\\Downloads\\tracking-main\\apinpx\\src\\auth\\auth.service.ts","statementMap":{"0":{"start":{"line":1,"column":0},"end":{"line":1,"column":86}},"1":{"start":{"line":2,"column":0},"end":{"line":2,"column":41}},"2":{"start":{"line":3,"column":0},"end":{"line":3,"column":63}},"3":{"start":{"line":4,"column":0},"end":{"line":4,"column":33}},"4":{"start":{"line":12,"column":7},"end":{"line":286,"column":null}},"5":{"start":{"line":13,"column":53},"end":{"line":13,"column":62}},"6":{"start":{"line":16,"column":21},"end":{"line":16,"column":31}},"7":{"start":{"line":17,"column":21},"end":{"line":17,"column":33}},"8":{"start":{"line":25,"column":20},"end":{"line":25,"column":49}},"9":{"start":{"line":26,"column":4},"end":{"line":33,"column":5}},"10":{"start":{"line":27,"column":28},"end":{"line":28,"column":null}},"11":{"start":{"line":30,"column":6},"end":{"line":32,"column":8}},"12":{"start":{"line":36,"column":34},"end":{"line":40,"column":15}},"13":{"start":{"line":42,"column":4},"end":{"line":45,"column":5}},"14":{"start":{"line":43,"column":6},"end":{"line":43,"column":40}},"15":{"start":{"line":44,"column":6},"end":{"line":44,"column":64}},"16":{"start":{"line":48,"column":28},"end":{"line":48,"column":78}},"17":{"start":{"line":50,"column":4},"end":{"line":53,"column":5}},"18":{"start":{"line":51,"column":6},"end":{"line":51,"column":40}},"19":{"start":{"line":52,"column":6},"end":{"line":52,"column":64}},"20":{"start":{"line":56,"column":4},"end":{"line":56,"column":37}},"21":{"start":{"line":58,"column":41},"end":{"line":58,"column":45}},"22":{"start":{"line":59,"column":4},"end":{"line":59,"column":18}},"23":{"start":{"line":66,"column":20},"end":{"line":69,"column":6}},"24":{"start":{"line":70,"column":4},"end":{"line":70,"column":23}},"25":{"start":{"line":72,"column":4},"end":{"line":75,"column":5}},"26":{"start":{"line":73,"column":6},"end":{"line":73,"column":66}},"27":{"start":{"line":74,"column":6},"end":{"line":74,"column":24}},"28":{"start":{"line":77,"column":4},"end":{"line":77,"column":43}},"29":{"start":{"line":79,"column":30},"end":{"line":79,"column":47}},"30":{"start":{"line":80,"column":4},"end":{"line":84,"column":5}},"31":{"start":{"line":81,"column":6},"end":{"line":83,"column":8}},"32":{"start":{"line":91,"column":20},"end":{"line":96,"column":6}},"33":{"start":{"line":98,"column":4},"end":{"line":107,"column":6}},"34":{"start":{"line":120,"column":31},"end":{"line":124,"column":15}},"35":{"start":{"line":126,"column":4},"end":{"line":128,"column":5}},"36":{"start":{"line":127,"column":6},"end":{"line":127,"column":69}},"37":{"start":{"line":131,"column":4},"end":{"line":133,"column":5}},"38":{"start":{"line":132,"column":6},"end":{"line":132,"column":55}},"39":{"start":{"line":136,"column":23},"end":{"line":136,"column":25}},"40":{"start":{"line":137,"column":26},"end":{"line":137,"column":65}},"41":{"start":{"line":140,"column":34},"end":{"line":149,"column":15}},"42":{"start":{"line":151,"column":4},"end":{"line":151,"column":27}},"43":{"start":{"line":151,"column":15},"end":{"line":151,"column":27}},"44":{"start":{"line":153,"column":4},"end":{"line":153,"column":28}},"45":{"start":{"line":160,"column":28},"end":{"line":163,"column":43}},"46":{"start":{"line":165,"column":4},"end":{"line":165,"column":27}},"47":{"start":{"line":165,"column":15},"end":{"line":165,"column":27}},"48":{"start":{"line":166,"column":4},"end":{"line":166,"column":16}},"49":{"start":{"line":173,"column":22},"end":{"line":176,"column":19}},"50":{"start":{"line":178,"column":4},"end":{"line":178,"column":27}},"51":{"start":{"line":178,"column":15},"end":{"line":178,"column":27}},"52":{"start":{"line":179,"column":4},"end":{"line":179,"column":58}},"53":{"start":{"line":186,"column":4},"end":{"line":190,"column":5}},"54":{"start":{"line":187,"column":6},"end":{"line":187,"column":43}},"55":{"start":{"line":189,"column":6},"end":{"line":189,"column":56}},"56":{"start":{"line":200,"column":34},"end":{"line":204,"column":15}},"57":{"start":{"line":206,"column":4},"end":{"line":208,"column":5}},"58":{"start":{"line":207,"column":6},"end":{"line":207,"column":59}},"59":{"start":{"line":210,"column":27},"end":{"line":210,"column":61}},"60":{"start":{"line":212,"column":35},"end":{"line":215,"column":25}},"61":{"start":{"line":217,"column":4},"end":{"line":219,"column":5}},"62":{"start":{"line":218,"column":6},"end":{"line":218,"column":55}},"63":{"start":{"line":221,"column":4},"end":{"line":221,"column":63}},"64":{"start":{"line":228,"column":34},"end":{"line":232,"column":15}},"65":{"start":{"line":234,"column":4},"end":{"line":236,"column":5}},"66":{"start":{"line":235,"column":6},"end":{"line":235,"column":63}},"67":{"start":{"line":238,"column":4},"end":{"line":238,"column":16}},"68":{"start":{"line":246,"column":21},"end":{"line":246,"column":41}},"69":{"start":{"line":249,"column":20},"end":{"line":249,"column":54}},"70":{"start":{"line":250,"column":21},"end":{"line":250,"column":57}},"71":{"start":{"line":251,"column":21},"end":{"line":251,"column":41}},"72":{"start":{"line":254,"column":53},"end":{"line":260,"column":8}},"73":{"start":{"line":262,"column":4},"end":{"line":265,"column":5}},"74":{"start":{"line":263,"column":6},"end":{"line":263,"column":33}},"75":{"start":{"line":264,"column":6},"end":{"line":264,"column":61}},"76":{"start":{"line":268,"column":36},"end":{"line":271,"column":29}},"77":{"start":{"line":274,"column":35},"end":{"line":277,"column":23}},"78":{"start":{"line":279,"column":4},"end":{"line":282,"column":5}},"79":{"start":{"line":280,"column":6},"end":{"line":280,"column":33}},"80":{"start":{"line":281,"column":6},"end":{"line":281,"column":69}},"81":{"start":{"line":284,"column":4},"end":{"line":284,"column":21}},"82":{"start":{"line":12,"column":13},"end":{"line":12,"column":24}},"83":{"start":{"line":12,"column":13},"end":{"line":286,"column":null}}},"fnMap":{"0":{"name":"(anonymous_11)","decl":{"start":{"line":15,"column":2},"end":{"line":15,"column":null}},"loc":{"start":{"line":17,"column":43},"end":{"line":18,"column":6}}},"1":{"name":"(anonymous_12)","decl":{"start":{"line":23,"column":2},"end":{"line":23,"column":7}},"loc":{"start":{"line":23,"column":52},"end":{"line":60,"column":3}}},"2":{"name":"(anonymous_13)","decl":{"start":{"line":65,"column":10},"end":{"line":65,"column":31}},"loc":{"start":{"line":65,"column":45},"end":{"line":85,"column":3}}},"3":{"name":"(anonymous_14)","decl":{"start":{"line":90,"column":2},"end":{"line":90,"column":7}},"loc":{"start":{"line":90,"column":23},"end":{"line":108,"column":3}}},"4":{"name":"(anonymous_15)","decl":{"start":{"line":113,"column":2},"end":{"line":113,"column":7}},"loc":{"start":{"line":117,"column":29},"end":{"line":154,"column":3}}},"5":{"name":"(anonymous_16)","decl":{"start":{"line":159,"column":2},"end":{"line":159,"column":7}},"loc":{"start":{"line":159,"column":15},"end":{"line":167,"column":3}}},"6":{"name":"(anonymous_17)","decl":{"start":{"line":172,"column":2},"end":{"line":172,"column":7}},"loc":{"start":{"line":172,"column":25},"end":{"line":180,"column":3}}},"7":{"name":"(anonymous_18)","decl":{"start":{"line":185,"column":2},"end":{"line":185,"column":7}},"loc":{"start":{"line":185,"column":33},"end":{"line":191,"column":3}}},"8":{"name":"(anonymous_19)","decl":{"start":{"line":196,"column":2},"end":{"line":196,"column":7}},"loc":{"start":{"line":198,"column":23},"end":{"line":222,"column":3}}},"9":{"name":"(anonymous_20)","decl":{"start":{"line":227,"column":2},"end":{"line":227,"column":7}},"loc":{"start":{"line":227,"column":33},"end":{"line":239,"column":3}}},"10":{"name":"(anonymous_21)","decl":{"start":{"line":244,"column":2},"end":{"line":244,"column":7}},"loc":{"start":{"line":244,"column":61},"end":{"line":285,"column":3}}}},"branchMap":{"0":{"loc":{"start":{"line":26,"column":4},"end":{"line":33,"column":5}},"type":"if","locations":[{"start":{"line":26,"column":4},"end":{"line":33,"column":5}},{"start":{},"end":{}}]},"1":{"loc":{"start":{"line":26,"column":8},"end":{"line":26,"column":66}},"type":"binary-expr","locations":[{"start":{"line":26,"column":8},"end":{"line":26,"column":29}},{"start":{"line":26,"column":33},"end":{"line":26,"column":66}}]},"2":{"loc":{"start":{"line":42,"column":4},"end":{"line":45,"column":5}},"type":"if","locations":[{"start":{"line":42,"column":4},"end":{"line":45,"column":5}},{"start":{},"end":{}}]},"3":{"loc":{"start":{"line":42,"column":8},"end":{"line":42,"column":22}},"type":"binary-expr","locations":[{"start":{"line":42,"column":8},"end":{"line":42,"column":13}},{"start":{"line":42,"column":17},"end":{"line":42,"column":22}}]},"4":{"loc":{"start":{"line":50,"column":4},"end":{"line":53,"column":5}},"type":"if","locations":[{"start":{"line":50,"column":4},"end":{"line":53,"column":5}},{"start":{},"end":{}}]},"5":{"loc":{"start":{"line":66,"column":20},"end":{"line":69,"column":6}},"type":"binary-expr","locations":[{"start":{"line":66,"column":20},"end":{"line":66,"column":49}},{"start":{"line":66,"column":53},"end":{"line":69,"column":6}}]},"6":{"loc":{"start":{"line":72,"column":4},"end":{"line":75,"column":5}},"type":"if","locations":[{"start":{"line":72,"column":4},"end":{"line":75,"column":5}},{"start":{},"end":{}}]},"7":{"loc":{"start":{"line":80,"column":4},"end":{"line":84,"column":5}},"type":"if","locations":[{"start":{"line":80,"column":4},"end":{"line":84,"column":5}},{"start":{},"end":{}}]},"8":{"loc":{"start":{"line":95,"column":12},"end":{"line":95,"column":35}},"type":"binary-expr","locations":[{"start":{"line":95,"column":12},"end":{"line":95,"column":21}},{"start":{"line":95,"column":25},"end":{"line":95,"column":35}}]},"9":{"loc":{"start":{"line":104,"column":14},"end":{"line":104,"column":37}},"type":"binary-expr","locations":[{"start":{"line":104,"column":14},"end":{"line":104,"column":23}},{"start":{"line":104,"column":27},"end":{"line":104,"column":37}}]},"10":{"loc":{"start":{"line":117,"column":4},"end":{"line":117,"column":29}},"type":"default-arg","locations":[{"start":{"line":117,"column":19},"end":{"line":117,"column":29}}]},"11":{"loc":{"start":{"line":126,"column":4},"end":{"line":128,"column":5}},"type":"if","locations":[{"start":{"line":126,"column":4},"end":{"line":128,"column":5}},{"start":{},"end":{}}]},"12":{"loc":{"start":{"line":131,"column":4},"end":{"line":133,"column":5}},"type":"if","locations":[{"start":{"line":131,"column":4},"end":{"line":133,"column":5}},{"start":{},"end":{}}]},"13":{"loc":{"start":{"line":151,"column":4},"end":{"line":151,"column":27}},"type":"if","locations":[{"start":{"line":151,"column":4},"end":{"line":151,"column":27}},{"start":{},"end":{}}]},"14":{"loc":{"start":{"line":165,"column":4},"end":{"line":165,"column":27}},"type":"if","locations":[{"start":{"line":165,"column":4},"end":{"line":165,"column":27}},{"start":{},"end":{}}]},"15":{"loc":{"start":{"line":178,"column":4},"end":{"line":178,"column":27}},"type":"if","locations":[{"start":{"line":178,"column":4},"end":{"line":178,"column":27}},{"start":{},"end":{}}]},"16":{"loc":{"start":{"line":206,"column":4},"end":{"line":208,"column":5}},"type":"if","locations":[{"start":{"line":206,"column":4},"end":{"line":208,"column":5}},{"start":{},"end":{}}]},"17":{"loc":{"start":{"line":206,"column":8},"end":{"line":206,"column":22}},"type":"binary-expr","locations":[{"start":{"line":206,"column":8},"end":{"line":206,"column":13}},{"start":{"line":206,"column":17},"end":{"line":206,"column":22}}]},"18":{"loc":{"start":{"line":217,"column":4},"end":{"line":219,"column":5}},"type":"if","locations":[{"start":{"line":217,"column":4},"end":{"line":219,"column":5}},{"start":{},"end":{}}]},"19":{"loc":{"start":{"line":234,"column":4},"end":{"line":236,"column":5}},"type":"if","locations":[{"start":{"line":234,"column":4},"end":{"line":236,"column":5}},{"start":{},"end":{}}]},"20":{"loc":{"start":{"line":234,"column":8},"end":{"line":234,"column":22}},"type":"binary-expr","locations":[{"start":{"line":234,"column":8},"end":{"line":234,"column":13}},{"start":{"line":234,"column":17},"end":{"line":234,"column":22}}]},"21":{"loc":{"start":{"line":262,"column":4},"end":{"line":265,"column":5}},"type":"if","locations":[{"start":{"line":262,"column":4},"end":{"line":265,"column":5}},{"start":{},"end":{}}]},"22":{"loc":{"start":{"line":279,"column":4},"end":{"line":282,"column":5}},"type":"if","locations":[{"start":{"line":279,"column":4},"end":{"line":282,"column":5}},{"start":{},"end":{}}]},"23":{"loc":{"start":{"line":16,"column":31},"end":{"line":16,"column":null}},"type":"cond-expr","locations":[{"start":{"line":16,"column":46},"end":{"line":16,"column":null}},{"start":{"line":16,"column":46},"end":{"line":16,"column":null}}]},"24":{"loc":{"start":{"line":16,"column":31},"end":{"line":16,"column":46}},"type":"binary-expr","locations":[{"start":{"line":16,"column":31},"end":{"line":16,"column":null}},{"start":{"line":16,"column":31},"end":{"line":16,"column":46}}]},"25":{"loc":{"start":{"line":16,"column":46},"end":{"line":17,"column":null}},"type":"cond-expr","locations":[{"start":{"line":17,"column":43},"end":{"line":17,"column":null}},{"start":{"line":17,"column":43},"end":{"line":17,"column":null}}]},"26":{"loc":{"start":{"line":16,"column":46},"end":{"line":17,"column":43}},"type":"binary-expr","locations":[{"start":{"line":16,"column":46},"end":{"line":17,"column":null}},{"start":{"line":17,"column":33},"end":{"line":17,"column":43}}]}},"s":{"0":0,"1":0,"2":0,"3":0,"4":0,"5":0,"6":0,"7":0,"8":0,"9":0,"10":0,"11":0,"12":0,"13":0,"14":0,"15":0,"16":0,"17":0,"18":0,"19":0,"20":0,"21":0,"22":0,"23":0,"24":0,"25":0,"26":0,"27":0,"28":0,"29":0,"30":0,"31":0,"32":0,"33":0,"34":0,"35":0,"36":0,"37":0,"38":0,"39":0,"40":0,"41":0,"42":0,"43":0,"44":0,"45":0,"46":0,"47":0,"48":0,"49":0,"50":0,"51":0,"52":0,"53":0,"54":0,"55":0,"56":0,"57":0,"58":0,"59":0,"60":0,"61":0,"62":0,"63":0,"64":0,"65":0,"66":0,"67":0,"68":0,"69":0,"70":0,"71":0,"72":0,"73":0,"74":0,"75":0,"76":0,"77":0,"78":0,"79":0,"80":0,"81":0,"82":0,"83":0},"f":{"0":0,"1":0,"2":0,"3":0,"4":0,"5":0,"6":0,"7":0,"8":0,"9":0,"10":0},"b":{"0":[0,0],"1":[0,0],"2":[0,0],"3":[0,0],"4":[0,0],"5":[0,0],"6":[0,0],"7":[0,0],"8":[0,0],"9":[0,0],"10":[0],"11":[0,0],"12":[0,0],"13":[0,0],"14":[0,0],"15":[0,0],"16":[0,0],"17":[0,0],"18":[0,0],"19":[0,0],"20":[0,0],"21":[0,0],"22":[0,0],"23":[0,0],"24":[0,0],"25":[0,0],"26":[0,0]}}
,"C:\\Users\\karen\\Downloads\\tracking-main\\apinpx\\src\\auth\\current-user.decorator.ts": {"path":"C:\\Users\\karen\\Downloads\\tracking-main\\apinpx\\src\\auth\\current-user.decorator.ts","statementMap":{"0":{"start":{"line":1,"column":0},"end":{"line":1,"column":72}},"1":{"start":{"line":3,"column":13},"end":{"line":8,"column":2}},"2":{"start":{"line":5,"column":20},"end":{"line":5,"column":51}},"3":{"start":{"line":6,"column":4},"end":{"line":6,"column":24}}},"fnMap":{"0":{"name":"(anonymous_0)","decl":{"start":{"line":4,"column":2},"end":{"line":4,"column":3}},"loc":{"start":{"line":4,"column":43},"end":{"line":7,"column":3}}}},"branchMap":{},"s":{"0":1,"1":1,"2":0,"3":0},"f":{"0":0},"b":{}}
,"C:\\Users\\karen\\Downloads\\tracking-main\\apinpx\\src\\auth\\jwt-auth.guard.ts": {"path":"C:\\Users\\karen\\Downloads\\tracking-main\\apinpx\\src\\auth\\jwt-auth.guard.ts","statementMap":{"0":{"start":{"line":1,"column":0},"end":{"line":1,"column":44}},"1":{"start":{"line":2,"column":0},"end":{"line":2,"column":45}},"2":{"start":{"line":5,"column":7},"end":{"line":5,"column":null}},"3":{"start":{"line":5,"column":13},"end":{"line":5,"column":25}},"4":{"start":{"line":5,"column":13},"end":{"line":5,"column":null}}},"fnMap":{},"branchMap":{},"s":{"0":1,"1":1,"2":1,"3":1,"4":1},"f":{},"b":{}}
,"C:\\Users\\karen\\Downloads\\tracking-main\\apinpx\\src\\auth\\jwt.strategy.ts": {"path":"C:\\Users\\karen\\Downloads\\tracking-main\\apinpx\\src\\auth\\jwt.strategy.ts","statementMap":{"0":{"start":{"line":1,"column":0},"end":{"line":1,"column":52}},"1":{"start":{"line":2,"column":0},"end":{"line":2,"column":52}},"2":{"start":{"line":3,"column":0},"end":{"line":3,"column":67}},"3":{"start":{"line":4,"column":0},"end":{"line":4,"column":63}},"4":{"start":{"line":7,"column":7},"end":{"line":35,"column":null}},"5":{"start":{"line":9,"column":4},"end":{"line":13,"column":7}},"6":{"start":{"line":8,"column":31},"end":{"line":8,"column":41}},"7":{"start":{"line":18,"column":34},"end":{"line":22,"column":15}},"8":{"start":{"line":24,"column":4},"end":{"line":26,"column":5}},"9":{"start":{"line":25,"column":6},"end":{"line":25,"column":63}},"10":{"start":{"line":28,"column":4},"end":{"line":33,"column":6}},"11":{"start":{"line":7,"column":13},"end":{"line":7,"column":24}},"12":{"start":{"line":7,"column":13},"end":{"line":35,"column":null}}},"fnMap":{"0":{"name":"(anonymous_2)","decl":{"start":{"line":8,"column":2},"end":{"line":8,"column":31}},"loc":{"start":{"line":8,"column":56},"end":{"line":14,"column":3}}},"1":{"name":"(anonymous_3)","decl":{"start":{"line":16,"column":2},"end":{"line":16,"column":7}},"loc":{"start":{"line":16,"column":29},"end":{"line":34,"column":3}}}},"branchMap":{"0":{"loc":{"start":{"line":12,"column":19},"end":{"line":12,"column":70}},"type":"binary-expr","locations":[{"start":{"line":12,"column":19},"end":{"line":12,"column":41}},{"start":{"line":12,"column":45},"end":{"line":12,"column":70}}]},"1":{"loc":{"start":{"line":24,"column":4},"end":{"line":26,"column":5}},"type":"if","locations":[{"start":{"line":24,"column":4},"end":{"line":26,"column":5}},{"start":{},"end":{}}]},"2":{"loc":{"start":{"line":24,"column":8},"end":{"line":24,"column":22}},"type":"binary-expr","locations":[{"start":{"line":24,"column":8},"end":{"line":24,"column":13}},{"start":{"line":24,"column":17},"end":{"line":24,"column":22}}]},"3":{"loc":{"start":{"line":32,"column":12},"end":{"line":32,"column":35}},"type":"binary-expr","locations":[{"start":{"line":32,"column":12},"end":{"line":32,"column":21}},{"start":{"line":32,"column":25},"end":{"line":32,"column":35}}]},"4":{"loc":{"start":{"line":8,"column":41},"end":{"line":8,"column":null}},"type":"cond-expr","locations":[{"start":{"line":8,"column":56},"end":{"line":8,"column":null}},{"start":{"line":8,"column":56},"end":{"line":8,"column":null}}]},"5":{"loc":{"start":{"line":8,"column":41},"end":{"line":8,"column":56}},"type":"binary-expr","locations":[{"start":{"line":8,"column":41},"end":{"line":8,"column":null}},{"start":{"line":8,"column":41},"end":{"line":8,"column":56}}]}},"s":{"0":0,"1":0,"2":0,"3":0,"4":0,"5":0,"6":0,"7":0,"8":0,"9":0,"10":0,"11":0,"12":0},"f":{"0":0,"1":0},"b":{"0":[0,0],"1":[0,0],"2":[0,0],"3":[0,0],"4":[0,0],"5":[0,0]}}
,"C:\\Users\\karen\\Downloads\\tracking-main\\apinpx\\src\\auth\\local-auth.guard.ts": {"path":"C:\\Users\\karen\\Downloads\\tracking-main\\apinpx\\src\\auth\\local-auth.guard.ts","statementMap":{"0":{"start":{"line":1,"column":0},"end":{"line":1,"column":44}},"1":{"start":{"line":2,"column":0},"end":{"line":2,"column":45}},"2":{"start":{"line":5,"column":7},"end":{"line":5,"column":null}},"3":{"start":{"line":5,"column":13},"end":{"line":5,"column":27}},"4":{"start":{"line":5,"column":13},"end":{"line":5,"column":null}}},"fnMap":{},"branchMap":{},"s":{"0":0,"1":0,"2":0,"3":0,"4":0},"f":{},"b":{}}
,"C:\\Users\\karen\\Downloads\\tracking-main\\apinpx\\src\\auth\\local.strategy.ts": {"path":"C:\\Users\\karen\\Downloads\\tracking-main\\apinpx\\src\\auth\\local.strategy.ts","statementMap":{"0":{"start":{"line":1,"column":0},"end":{"line":1,"column":42}},"1":{"start":{"line":2,"column":0},"end":{"line":2,"column":52}},"2":{"start":{"line":3,"column":0},"end":{"line":3,"column":67}},"3":{"start":{"line":4,"column":0},"end":{"line":4,"column":45}},"4":{"start":{"line":7,"column":7},"end":{"line":21,"column":null}},"5":{"start":{"line":9,"column":4},"end":{"line":11,"column":7}},"6":{"start":{"line":8,"column":22},"end":{"line":8,"column":35}},"7":{"start":{"line":15,"column":17},"end":{"line":15,"column":69}},"8":{"start":{"line":16,"column":4},"end":{"line":18,"column":5}},"9":{"start":{"line":17,"column":6},"end":{"line":17,"column":40}},"10":{"start":{"line":19,"column":4},"end":{"line":19,"column":16}},"11":{"start":{"line":7,"column":13},"end":{"line":7,"column":26}},"12":{"start":{"line":7,"column":13},"end":{"line":21,"column":null}}},"fnMap":{"0":{"name":"(anonymous_2)","decl":{"start":{"line":8,"column":2},"end":{"line":8,"column":22}},"loc":{"start":{"line":8,"column":46},"end":{"line":12,"column":3}}},"1":{"name":"(anonymous_3)","decl":{"start":{"line":14,"column":2},"end":{"line":14,"column":7}},"loc":{"start":{"line":14,"column":48},"end":{"line":20,"column":3}}}},"branchMap":{"0":{"loc":{"start":{"line":16,"column":4},"end":{"line":18,"column":5}},"type":"if","locations":[{"start":{"line":16,"column":4},"end":{"line":18,"column":5}},{"start":{},"end":{}}]},"1":{"loc":{"start":{"line":8,"column":35},"end":{"line":8,"column":null}},"type":"cond-expr","locations":[{"start":{"line":8,"column":46},"end":{"line":8,"column":null}},{"start":{"line":8,"column":46},"end":{"line":8,"column":null}}]},"2":{"loc":{"start":{"line":8,"column":35},"end":{"line":8,"column":46}},"type":"binary-expr","locations":[{"start":{"line":8,"column":35},"end":{"line":8,"column":null}},{"start":{"line":8,"column":35},"end":{"line":8,"column":46}}]}},"s":{"0":0,"1":0,"2":0,"3":0,"4":0,"5":0,"6":0,"7":0,"8":0,"9":0,"10":0,"11":0,"12":0},"f":{"0":0,"1":0},"b":{"0":[0,0],"1":[0,0],"2":[0,0]}}
,"C:\\Users\\karen\\Downloads\\tracking-main\\apinpx\\src\\auth\\roles.decorator.ts": {"path":"C:\\Users\\karen\\Downloads\\tracking-main\\apinpx\\src\\auth\\roles.decorator.ts","statementMap":{"0":{"start":{"line":1,"column":0},"end":{"line":1,"column":45}},"1":{"start":{"line":3,"column":13},"end":{"line":3,"column":33}},"2":{"start":{"line":4,"column":21},"end":{"line":4,"column":74}},"3":{"start":{"line":4,"column":45},"end":{"line":4,"column":74}},"4":{"start":{"line":4,"column":13},"end":{"line":4,"column":21}}},"fnMap":{"0":{"name":"(anonymous_0)","decl":{"start":{"line":4,"column":21},"end":{"line":4,"column":22}},"loc":{"start":{"line":4,"column":45},"end":{"line":4,"column":74}}}},"branchMap":{},"s":{"0":1,"1":1,"2":1,"3":10,"4":1},"f":{"0":10},"b":{}}
,"C:\\Users\\karen\\Downloads\\tracking-main\\apinpx\\src\\auth\\roles.guard.ts": {"path":"C:\\Users\\karen\\Downloads\\tracking-main\\apinpx\\src\\auth\\roles.guard.ts","statementMap":{"0":{"start":{"line":1,"column":0},"end":{"line":1,"column":75}},"1":{"start":{"line":2,"column":0},"end":{"line":2,"column":41}},"2":{"start":{"line":3,"column":0},"end":{"line":3,"column":46}},"3":{"start":{"line":6,"column":7},"end":{"line":27,"column":null}},"4":{"start":{"line":7,"column":22},"end":{"line":7,"column":33}},"5":{"start":{"line":10,"column":26},"end":{"line":13,"column":6}},"6":{"start":{"line":15,"column":4},"end":{"line":17,"column":5}},"7":{"start":{"line":16,"column":6},"end":{"line":16,"column":18}},"8":{"start":{"line":19,"column":21},"end":{"line":19,"column":56}},"9":{"start":{"line":21,"column":4},"end":{"line":23,"column":5}},"10":{"start":{"line":22,"column":6},"end":{"line":22,"column":19}},"11":{"start":{"line":25,"column":4},"end":{"line":25,"column":60}},"12":{"start":{"line":25,"column":40},"end":{"line":25,"column":58}},"13":{"start":{"line":6,"column":13},"end":{"line":6,"column":23}},"14":{"start":{"line":6,"column":13},"end":{"line":27,"column":null}}},"fnMap":{"0":{"name":"(anonymous_2)","decl":{"start":{"line":7,"column":2},"end":{"line":7,"column":22}},"loc":{"start":{"line":7,"column":42},"end":{"line":7,"column":46}}},"1":{"name":"(anonymous_3)","decl":{"start":{"line":9,"column":2},"end":{"line":9,"column":13}},"loc":{"start":{"line":9,"column":39},"end":{"line":26,"column":3}}},"2":{"name":"(anonymous_4)","decl":{"start":{"line":25,"column":30},"end":{"line":25,"column":31}},"loc":{"start":{"line":25,"column":40},"end":{"line":25,"column":58}}}},"branchMap":{"0":{"loc":{"start":{"line":15,"column":4},"end":{"line":17,"column":5}},"type":"if","locations":[{"start":{"line":15,"column":4},"end":{"line":17,"column":5}},{"start":{},"end":{}}]},"1":{"loc":{"start":{"line":21,"column":4},"end":{"line":23,"column":5}},"type":"if","locations":[{"start":{"line":21,"column":4},"end":{"line":23,"column":5}},{"start":{},"end":{}}]},"2":{"loc":{"start":{"line":7,"column":33},"end":{"line":7,"column":45}},"type":"cond-expr","locations":[{"start":{"line":7,"column":42},"end":{"line":7,"column":45}},{"start":{"line":7,"column":42},"end":{"line":7,"column":45}}]},"3":{"loc":{"start":{"line":7,"column":33},"end":{"line":7,"column":42}},"type":"binary-expr","locations":[{"start":{"line":7,"column":33},"end":{"line":7,"column":45}},{"start":{"line":7,"column":33},"end":{"line":7,"column":42}}]}},"s":{"0":1,"1":1,"2":1,"3":1,"4":1,"5":0,"6":0,"7":0,"8":0,"9":0,"10":0,"11":0,"12":0,"13":1,"14":1},"f":{"0":1,"1":0,"2":0},"b":{"0":[0,0],"1":[0,0],"2":[1,0],"3":[1,1]}}
,"C:\\Users\\karen\\Downloads\\tracking-main\\apinpx\\src\\cotizaciones\\cotizaciones.controller.ts": {"path":"C:\\Users\\karen\\Downloads\\tracking-main\\apinpx\\src\\cotizaciones\\cotizaciones.controller.ts","statementMap":{"0":{"start":{"line":1,"column":0},"end":{"line":1,"column":null}},"1":{"start":{"line":16,"column":0},"end":{"line":16,"column":59}},"2":{"start":{"line":17,"column":0},"end":{"line":17,"column":61}},"3":{"start":{"line":18,"column":0},"end":{"line":18,"column":54}},"4":{"start":{"line":19,"column":0},"end":{"line":19,"column":49}},"5":{"start":{"line":20,"column":0},"end":{"line":20,"column":48}},"6":{"start":{"line":21,"column":0},"end":{"line":21,"column":61}},"7":{"start":{"line":33,"column":7},"end":{"line":137,"column":null}},"8":{"start":{"line":34,"column":31},"end":{"line":34,"column":40}},"9":{"start":{"line":47,"column":4},"end":{"line":47,"column":78}},"10":{"start":{"line":58,"column":4},"end":{"line":58,"column":87}},"11":{"start":{"line":65,"column":4},"end":{"line":65,"column":54}},"12":{"start":{"line":72,"column":4},"end":{"line":72,"column":55}},"13":{"start":{"line":79,"column":4},"end":{"line":79,"column":55}},"14":{"start":{"line":94,"column":4},"end":{"line":99,"column":6}},"15":{"start":{"line":111,"column":4},"end":{"line":111,"column":52}},"16":{"start":{"line":118,"column":4},"end":{"line":118,"column":61}},"17":{"start":{"line":125,"column":4},"end":{"line":125,"column":69}},"18":{"start":{"line":135,"column":4},"end":{"line":135,"column":57}},"19":{"start":{"line":33,"column":13},"end":{"line":33,"column":35}},"20":{"start":{"line":43,"column":2},"end":{"line":48,"column":null}},"21":{"start":{"line":53,"column":2},"end":{"line":59,"column":null}},"22":{"start":{"line":64,"column":2},"end":{"line":66,"column":null}},"23":{"start":{"line":71,"column":2},"end":{"line":73,"column":null}},"24":{"start":{"line":78,"column":2},"end":{"line":80,"column":null}},"25":{"start":{"line":89,"column":2},"end":{"line":100,"column":null}},"26":{"start":{"line":106,"column":2},"end":{"line":112,"column":null}},"27":{"start":{"line":117,"column":2},"end":{"line":119,"column":null}},"28":{"start":{"line":124,"column":2},"end":{"line":126,"column":null}},"29":{"start":{"line":131,"column":2},"end":{"line":136,"column":null}},"30":{"start":{"line":33,"column":13},"end":{"line":137,"column":null}},"31":{"start":{"line":143,"column":7},"end":{"line":165,"column":null}},"32":{"start":{"line":144,"column":31},"end":{"line":144,"column":40}},"33":{"start":{"line":151,"column":17},"end":{"line":151,"column":63}},"34":{"start":{"line":153,"column":4},"end":{"line":155,"column":5}},"35":{"start":{"line":154,"column":6},"end":{"line":154,"column":62}},"36":{"start":{"line":158,"column":4},"end":{"line":163,"column":6}},"37":{"start":{"line":143,"column":13},"end":{"line":143,"column":29}},"38":{"start":{"line":147,"column":8},"end":{"line":164,"column":null}},"39":{"start":{"line":143,"column":13},"end":{"line":165,"column":null}}},"fnMap":{"0":{"name":"(anonymous_4)","decl":{"start":{"line":34,"column":2},"end":{"line":34,"column":31}},"loc":{"start":{"line":34,"column":59},"end":{"line":34,"column":64}}},"1":{"name":"(anonymous_5)","decl":{"start":{"line":43,"column":2},"end":{"line":43,"column":22}},"loc":{"start":{"line":45,"column":40},"end":{"line":48,"column":3}}},"2":{"name":"(anonymous_6)","decl":{"start":{"line":53,"column":2},"end":{"line":53,"column":19}},"loc":{"start":{"line":56,"column":40},"end":{"line":59,"column":3}}},"3":{"name":"(anonymous_7)","decl":{"start":{"line":64,"column":2},"end":{"line":64,"column":29}},"loc":{"start":{"line":64,"column":29},"end":{"line":66,"column":3}}},"4":{"name":"(anonymous_8)","decl":{"start":{"line":71,"column":2},"end":{"line":71,"column":30}},"loc":{"start":{"line":71,"column":30},"end":{"line":73,"column":3}}},"5":{"name":"(anonymous_9)","decl":{"start":{"line":78,"column":2},"end":{"line":78,"column":18}},"loc":{"start":{"line":78,"column":18},"end":{"line":80,"column":3}}},"6":{"name":"(anonymous_10)","decl":{"start":{"line":89,"column":2},"end":{"line":89,"column":8}},"loc":{"start":{"line":92,"column":36},"end":{"line":100,"column":3}}},"7":{"name":"(anonymous_11)","decl":{"start":{"line":106,"column":2},"end":{"line":106,"column":7}},"loc":{"start":{"line":109,"column":36},"end":{"line":112,"column":3}}},"8":{"name":"(anonymous_12)","decl":{"start":{"line":117,"column":2},"end":{"line":117,"column":14}},"loc":{"start":{"line":117,"column":72},"end":{"line":119,"column":3}}},"9":{"name":"(anonymous_13)","decl":{"start":{"line":124,"column":2},"end":{"line":124,"column":17}},"loc":{"start":{"line":124,"column":50},"end":{"line":126,"column":3}}},"10":{"name":"(anonymous_14)","decl":{"start":{"line":131,"column":2},"end":{"line":131,"column":10}},"loc":{"start":{"line":133,"column":36},"end":{"line":136,"column":3}}},"11":{"name":"(anonymous_15)","decl":{"start":{"line":144,"column":2},"end":{"line":144,"column":31}},"loc":{"start":{"line":144,"column":59},"end":{"line":144,"column":64}}},"12":{"name":"(anonymous_16)","decl":{"start":{"line":147,"column":8},"end":{"line":147,"column":16}},"loc":{"start":{"line":149,"column":23},"end":{"line":164,"column":3}}}},"branchMap":{"0":{"loc":{"start":{"line":44,"column":19},"end":{"line":44,"column":37}},"type":"default-arg","locations":[{"start":{"line":44,"column":34},"end":{"line":44,"column":37}}]},"1":{"loc":{"start":{"line":45,"column":20},"end":{"line":45,"column":40}},"type":"default-arg","locations":[{"start":{"line":45,"column":36},"end":{"line":45,"column":40}}]},"2":{"loc":{"start":{"line":55,"column":19},"end":{"line":55,"column":37}},"type":"default-arg","locations":[{"start":{"line":55,"column":34},"end":{"line":55,"column":37}}]},"3":{"loc":{"start":{"line":56,"column":20},"end":{"line":56,"column":40}},"type":"default-arg","locations":[{"start":{"line":56,"column":36},"end":{"line":56,"column":40}}]},"4":{"loc":{"start":{"line":90,"column":19},"end":{"line":90,"column":37}},"type":"default-arg","locations":[{"start":{"line":90,"column":34},"end":{"line":90,"column":37}}]},"5":{"loc":{"start":{"line":91,"column":20},"end":{"line":91,"column":40}},"type":"default-arg","locations":[{"start":{"line":91,"column":36},"end":{"line":91,"column":40}}]},"6":{"loc":{"start":{"line":107,"column":25},"end":{"line":107,"column":null}},"type":"cond-expr","locations":[{"start":{"line":107,"column":44},"end":{"line":107,"column":null}},{"start":{"line":107,"column":44},"end":{"line":107,"column":null}}]},"7":{"loc":{"start":{"line":107,"column":25},"end":{"line":107,"column":44}},"type":"binary-expr","locations":[{"start":{"line":107,"column":25},"end":{"line":107,"column":33}},{"start":{"line":107,"column":32},"end":{"line":107,"column":40}},{"start":{"line":107,"column":39},"end":{"line":107,"column":44}}]},"8":{"loc":{"start":{"line":34,"column":40},"end":{"line":34,"column":63}},"type":"cond-expr","locations":[{"start":{"line":34,"column":59},"end":{"line":34,"column":63}},{"start":{"line":34,"column":59},"end":{"line":34,"column":63}}]},"9":{"loc":{"start":{"line":34,"column":40},"end":{"line":34,"column":59}},"type":"binary-expr","locations":[{"start":{"line":34,"column":40},"end":{"line":34,"column":63}},{"start":{"line":34,"column":40},"end":{"line":34,"column":59}}]},"10":{"loc":{"start":{"line":153,"column":4},"end":{"line":155,"column":5}},"type":"if","locations":[{"start":{"line":153,"column":4},"end":{"line":155,"column":5}},{"start":{},"end":{}}]},"11":{"loc":{"start":{"line":144,"column":40},"end":{"line":144,"column":63}},"type":"cond-expr","locations":[{"start":{"line":144,"column":59},"end":{"line":144,"column":63}},{"start":{"line":144,"column":59},"end":{"line":144,"column":63}}]},"12":{"loc":{"start":{"line":144,"column":40},"end":{"line":144,"column":59}},"type":"binary-expr","locations":[{"start":{"line":144,"column":40},"end":{"line":144,"column":63}},{"start":{"line":144,"column":40},"end":{"line":144,"column":59}}]}},"s":{"0":1,"1":1,"2":1,"3":1,"4":1,"5":1,"6":1,"7":1,"8":0,"9":0,"10":0,"11":0,"12":0,"13":0,"14":0,"15":0,"16":0,"17":0,"18":0,"19":1,"20":1,"21":1,"22":1,"23":1,"24":1,"25":1,"26":1,"27":1,"28":1,"29":1,"30":1,"31":1,"32":0,"33":0,"34":0,"35":0,"36":0,"37":1,"38":1,"39":1},"f":{"0":0,"1":0,"2":0,"3":0,"4":0,"5":0,"6":0,"7":0,"8":0,"9":0,"10":0,"11":0,"12":0},"b":{"0":[0],"1":[0],"2":[0],"3":[0],"4":[0],"5":[0],"6":[0,1],"7":[1,0,0],"8":[1,0],"9":[1,1],"10":[0,0],"11":[1,0],"12":[1,1]}}
,"C:\\Users\\karen\\Downloads\\tracking-main\\apinpx\\src\\cotizaciones\\cotizaciones.module.ts": {"path":"C:\\Users\\karen\\Downloads\\tracking-main\\apinpx\\src\\cotizaciones\\cotizaciones.module.ts","statementMap":{"0":{"start":{"line":2,"column":0},"end":{"line":2,"column":40}},"1":{"start":{"line":3,"column":0},"end":{"line":3,"column":null}},"2":{"start":{"line":7,"column":0},"end":{"line":7,"column":61}},"3":{"start":{"line":8,"column":0},"end":{"line":8,"column":61}},"4":{"start":{"line":19,"column":7},"end":{"line":19,"column":null}},"5":{"start":{"line":19,"column":13},"end":{"line":19,"column":31}},"6":{"start":{"line":19,"column":13},"end":{"line":19,"column":null}}},"fnMap":{},"branchMap":{},"s":{"0":0,"1":0,"2":0,"3":0,"4":0,"5":0,"6":0},"f":{},"b":{}}
,"C:\\Users\\karen\\Downloads\\tracking-main\\apinpx\\src\\cotizaciones\\cotizaciones.service.ts": {"path":"C:\\Users\\karen\\Downloads\\tracking-main\\apinpx\\src\\cotizaciones\\cotizaciones.service.ts","statementMap":{"0":{"start":{"line":1,"column":0},"end":{"line":1,"column":83}},"1":{"start":{"line":2,"column":0},"end":{"line":2,"column":63}},"2":{"start":{"line":3,"column":0},"end":{"line":3,"column":36}},"3":{"start":{"line":7,"column":7},"end":{"line":451,"column":null}},"4":{"start":{"line":8,"column":31},"end":{"line":8,"column":41}},"5":{"start":{"line":11,"column":17},"end":{"line":11,"column":35}},"6":{"start":{"line":12,"column":15},"end":{"line":12,"column":31}},"7":{"start":{"line":14,"column":16},"end":{"line":21,"column":null}},"8":{"start":{"line":24,"column":4},"end":{"line":26,"column":5}},"9":{"start":{"line":25,"column":6},"end":{"line":25,"column":42}},"10":{"start":{"line":28,"column":35},"end":{"line":30,"column":22}},"11":{"start":{"line":32,"column":4},"end":{"line":32,"column":27}},"12":{"start":{"line":32,"column":15},"end":{"line":32,"column":27}},"13":{"start":{"line":34,"column":17},"end":{"line":42,"column":7}},"14":{"start":{"line":34,"column":47},"end":{"line":42,"column":6}},"15":{"start":{"line":44,"column":4},"end":{"line":65,"column":5}},"16":{"start":{"line":45,"column":22},"end":{"line":45,"column":78}},"17":{"start":{"line":45,"column":50},"end":{"line":45,"column":59}},"18":{"start":{"line":47,"column":6},"end":{"line":64,"column":7}},"19":{"start":{"line":48,"column":35},"end":{"line":51,"column":28}},"20":{"start":{"line":53,"column":28},"end":{"line":53,"column":72}},"21":{"start":{"line":53,"column":55},"end":{"line":53,"column":64}},"22":{"start":{"line":55,"column":8},"end":{"line":63,"column":11}},"23":{"start":{"line":56,"column":26},"end":{"line":56,"column":52}},"24":{"start":{"line":57,"column":10},"end":{"line":62,"column":12}},"25":{"start":{"line":67,"column":4},"end":{"line":75,"column":6}},"26":{"start":{"line":79,"column":17},"end":{"line":79,"column":35}},"27":{"start":{"line":80,"column":15},"end":{"line":80,"column":31}},"28":{"start":{"line":82,"column":35},"end":{"line":92,"column":22}},"29":{"start":{"line":94,"column":4},"end":{"line":94,"column":27}},"30":{"start":{"line":94,"column":15},"end":{"line":94,"column":27}},"31":{"start":{"line":96,"column":17},"end":{"line":104,"column":7}},"32":{"start":{"line":96,"column":47},"end":{"line":104,"column":6}},"33":{"start":{"line":106,"column":4},"end":{"line":132,"column":5}},"34":{"start":{"line":107,"column":22},"end":{"line":107,"column":78}},"35":{"start":{"line":107,"column":50},"end":{"line":107,"column":59}},"36":{"start":{"line":109,"column":6},"end":{"line":131,"column":7}},"37":{"start":{"line":110,"column":35},"end":{"line":113,"column":28}},"38":{"start":{"line":115,"column":28},"end":{"line":115,"column":72}},"39":{"start":{"line":115,"column":55},"end":{"line":115,"column":64}},"40":{"start":{"line":117,"column":8},"end":{"line":130,"column":11}},"41":{"start":{"line":118,"column":26},"end":{"line":118,"column":52}},"42":{"start":{"line":119,"column":10},"end":{"line":129,"column":12}},"43":{"start":{"line":134,"column":4},"end":{"line":142,"column":6}},"44":{"start":{"line":146,"column":17},"end":{"line":146,"column":35}},"45":{"start":{"line":147,"column":15},"end":{"line":147,"column":31}},"46":{"start":{"line":149,"column":35},"end":{"line":160,"column":22}},"47":{"start":{"line":162,"column":4},"end":{"line":162,"column":27}},"48":{"start":{"line":162,"column":15},"end":{"line":162,"column":27}},"49":{"start":{"line":164,"column":4},"end":{"line":179,"column":6}},"50":{"start":{"line":165,"column":42},"end":{"line":172,"column":8}},"51":{"start":{"line":183,"column":4},"end":{"line":183,"column":49}},"52":{"start":{"line":183,"column":14},"end":{"line":183,"column":49}},"53":{"start":{"line":185,"column":17},"end":{"line":185,"column":41}},"54":{"start":{"line":186,"column":21},"end":{"line":186,"column":34}},"55":{"start":{"line":188,"column":35},"end":{"line":193,"column":8}},"56":{"start":{"line":195,"column":4},"end":{"line":195,"column":39}},"57":{"start":{"line":195,"column":21},"end":{"line":195,"column":39}},"58":{"start":{"line":197,"column":28},"end":{"line":206,"column":15}},"59":{"start":{"line":208,"column":4},"end":{"line":208,"column":27}},"60":{"start":{"line":208,"column":15},"end":{"line":208,"column":27}},"61":{"start":{"line":210,"column":4},"end":{"line":214,"column":6}},"62":{"start":{"line":218,"column":28},"end":{"line":222,"column":15}},"63":{"start":{"line":224,"column":4},"end":{"line":224,"column":80}},"64":{"start":{"line":224,"column":24},"end":{"line":224,"column":80}},"65":{"start":{"line":226,"column":4},"end":{"line":228,"column":5}},"66":{"start":{"line":227,"column":6},"end":{"line":227,"column":56}},"67":{"start":{"line":230,"column":4},"end":{"line":230,"column":16}},"68":{"start":{"line":235,"column":41},"end":{"line":237,"column":50}},"69":{"start":{"line":240,"column":36},"end":{"line":242,"column":50}},"70":{"start":{"line":245,"column":41},"end":{"line":247,"column":30}},"71":{"start":{"line":249,"column":4},"end":{"line":251,"column":5}},"72":{"start":{"line":250,"column":6},"end":{"line":250,"column":56}},"73":{"start":{"line":253,"column":19},"end":{"line":253,"column":20}},"74":{"start":{"line":255,"column":4},"end":{"line":264,"column":5}},"75":{"start":{"line":256,"column":47},"end":{"line":256,"column":49}},"76":{"start":{"line":258,"column":6},"end":{"line":261,"column":9}},"77":{"start":{"line":259,"column":8},"end":{"line":260,"column":47}},"78":{"start":{"line":263,"column":6},"end":{"line":263,"column":54}},"79":{"start":{"line":268,"column":6},"end":{"line":270,"column":11}},"80":{"start":{"line":272,"column":4},"end":{"line":277,"column":6}},"81":{"start":{"line":281,"column":4},"end":{"line":281,"column":68}},"82":{"start":{"line":281,"column":26},"end":{"line":281,"column":68}},"83":{"start":{"line":283,"column":36},"end":{"line":286,"column":28}},"84":{"start":{"line":288,"column":31},"end":{"line":291,"column":41}},"85":{"start":{"line":293,"column":4},"end":{"line":296,"column":6}},"86":{"start":{"line":300,"column":42},"end":{"line":302,"column":24}},"87":{"start":{"line":304,"column":4},"end":{"line":307,"column":5}},"88":{"start":{"line":305,"column":6},"end":{"line":305,"column":79}},"89":{"start":{"line":306,"column":6},"end":{"line":306,"column":16}},"90":{"start":{"line":309,"column":43},"end":{"line":309,"column":45}},"91":{"start":{"line":310,"column":4},"end":{"line":314,"column":7}},"92":{"start":{"line":311,"column":6},"end":{"line":313,"column":7}},"93":{"start":{"line":312,"column":8},"end":{"line":312,"column":57}},"94":{"start":{"line":316,"column":20},"end":{"line":316,"column":39}},"95":{"start":{"line":317,"column":4},"end":{"line":317,"column":40}},"96":{"start":{"line":317,"column":30},"end":{"line":317,"column":40}},"97":{"start":{"line":319,"column":31},"end":{"line":322,"column":24}},"98":{"start":{"line":324,"column":4},"end":{"line":328,"column":56}},"99":{"start":{"line":324,"column":40},"end":{"line":328,"column":6}},"100":{"start":{"line":328,"column":23},"end":{"line":328,"column":54}},"101":{"start":{"line":333,"column":28},"end":{"line":335,"column":36}},"102":{"start":{"line":337,"column":4},"end":{"line":340,"column":5}},"103":{"start":{"line":338,"column":6},"end":{"line":338,"column":59}},"104":{"start":{"line":339,"column":6},"end":{"line":339,"column":16}},"105":{"start":{"line":343,"column":18},"end":{"line":346,"column":7}},"106":{"start":{"line":343,"column":48},"end":{"line":346,"column":6}},"107":{"start":{"line":351,"column":4},"end":{"line":354,"column":19}},"108":{"start":{"line":352,"column":22},"end":{"line":352,"column":36}},"109":{"start":{"line":353,"column":22},"end":{"line":353,"column":39}},"110":{"start":{"line":359,"column":40},"end":{"line":363,"column":15}},"111":{"start":{"line":365,"column":4},"end":{"line":365,"column":86}},"112":{"start":{"line":365,"column":30},"end":{"line":365,"column":86}},"113":{"start":{"line":367,"column":29},"end":{"line":377,"column":15}},"114":{"start":{"line":379,"column":4},"end":{"line":382,"column":7}},"115":{"start":{"line":384,"column":23},"end":{"line":384,"column":38}},"116":{"start":{"line":385,"column":37},"end":{"line":385,"column":41}},"117":{"start":{"line":387,"column":4},"end":{"line":396,"column":5}},"118":{"start":{"line":388,"column":32},"end":{"line":392,"column":17}},"119":{"start":{"line":394,"column":6},"end":{"line":394,"column":57}},"120":{"start":{"line":394,"column":27},"end":{"line":394,"column":57}},"121":{"start":{"line":395,"column":6},"end":{"line":395,"column":54}},"122":{"start":{"line":395,"column":26},"end":{"line":395,"column":54}},"123":{"start":{"line":401,"column":4},"end":{"line":419,"column":5}},"124":{"start":{"line":402,"column":6},"end":{"line":418,"column":26}},"125":{"start":{"line":421,"column":32},"end":{"line":423,"column":40}},"126":{"start":{"line":425,"column":4},"end":{"line":430,"column":6}},"127":{"start":{"line":434,"column":33},"end":{"line":438,"column":15}},"128":{"start":{"line":440,"column":4},"end":{"line":440,"column":77}},"129":{"start":{"line":440,"column":21},"end":{"line":440,"column":77}},"130":{"start":{"line":442,"column":4},"end":{"line":444,"column":5}},"131":{"start":{"line":443,"column":6},"end":{"line":443,"column":56}},"132":{"start":{"line":446,"column":4},"end":{"line":446,"column":90}},"133":{"start":{"line":447,"column":4},"end":{"line":447,"column":84}},"134":{"start":{"line":449,"column":4},"end":{"line":449,"column":24}},"135":{"start":{"line":7,"column":13},"end":{"line":7,"column":32}},"136":{"start":{"line":7,"column":13},"end":{"line":451,"column":null}}},"fnMap":{"0":{"name":"(anonymous_2)","decl":{"start":{"line":8,"column":2},"end":{"line":8,"column":31}},"loc":{"start":{"line":8,"column":56},"end":{"line":8,"column":61}}},"1":{"name":"(anonymous_3)","decl":{"start":{"line":10,"column":2},"end":{"line":10,"column":7}},"loc":{"start":{"line":10,"column":71},"end":{"line":76,"column":3}}},"2":{"name":"(anonymous_4)","decl":{"start":{"line":34,"column":34},"end":{"line":34,"column":35}},"loc":{"start":{"line":34,"column":47},"end":{"line":42,"column":6}}},"3":{"name":"(anonymous_5)","decl":{"start":{"line":45,"column":45},"end":{"line":45,"column":46}},"loc":{"start":{"line":45,"column":50},"end":{"line":45,"column":59}}},"4":{"name":"(anonymous_6)","decl":{"start":{"line":53,"column":50},"end":{"line":53,"column":51}},"loc":{"start":{"line":53,"column":55},"end":{"line":53,"column":64}}},"5":{"name":"(anonymous_7)","decl":{"start":{"line":55,"column":28},"end":{"line":55,"column":29}},"loc":{"start":{"line":55,"column":32},"end":{"line":63,"column":9}}},"6":{"name":"(anonymous_8)","decl":{"start":{"line":78,"column":2},"end":{"line":78,"column":7}},"loc":{"start":{"line":78,"column":49},"end":{"line":143,"column":3}}},"7":{"name":"(anonymous_9)","decl":{"start":{"line":96,"column":34},"end":{"line":96,"column":35}},"loc":{"start":{"line":96,"column":47},"end":{"line":104,"column":6}}},"8":{"name":"(anonymous_10)","decl":{"start":{"line":107,"column":45},"end":{"line":107,"column":46}},"loc":{"start":{"line":107,"column":50},"end":{"line":107,"column":59}}},"9":{"name":"(anonymous_11)","decl":{"start":{"line":115,"column":50},"end":{"line":115,"column":51}},"loc":{"start":{"line":115,"column":55},"end":{"line":115,"column":64}}},"10":{"name":"(anonymous_12)","decl":{"start":{"line":117,"column":28},"end":{"line":117,"column":29}},"loc":{"start":{"line":117,"column":32},"end":{"line":130,"column":9}}},"11":{"name":"(anonymous_13)","decl":{"start":{"line":145,"column":2},"end":{"line":145,"column":7}},"loc":{"start":{"line":145,"column":66},"end":{"line":180,"column":3}}},"12":{"name":"(anonymous_14)","decl":{"start":{"line":165,"column":29},"end":{"line":165,"column":30}},"loc":{"start":{"line":165,"column":42},"end":{"line":172,"column":8}}},"13":{"name":"(anonymous_15)","decl":{"start":{"line":182,"column":2},"end":{"line":182,"column":7}},"loc":{"start":{"line":182,"column":70},"end":{"line":215,"column":3}}},"14":{"name":"(anonymous_16)","decl":{"start":{"line":217,"column":2},"end":{"line":217,"column":7}},"loc":{"start":{"line":217,"column":61},"end":{"line":231,"column":3}}},"15":{"name":"(anonymous_17)","decl":{"start":{"line":233,"column":2},"end":{"line":233,"column":7}},"loc":{"start":{"line":233,"column":35},"end":{"line":278,"column":3}}},"16":{"name":"(anonymous_18)","decl":{"start":{"line":258,"column":26},"end":{"line":258,"column":27}},"loc":{"start":{"line":258,"column":37},"end":{"line":261,"column":7}}},"17":{"name":"(anonymous_19)","decl":{"start":{"line":280,"column":2},"end":{"line":280,"column":7}},"loc":{"start":{"line":280,"column":61},"end":{"line":297,"column":3}}},"18":{"name":"(anonymous_20)","decl":{"start":{"line":299,"column":2},"end":{"line":299,"column":7}},"loc":{"start":{"line":299,"column":36},"end":{"line":329,"column":3}}},"19":{"name":"(anonymous_21)","decl":{"start":{"line":310,"column":25},"end":{"line":310,"column":26}},"loc":{"start":{"line":310,"column":31},"end":{"line":314,"column":5}}},"20":{"name":"(anonymous_22)","decl":{"start":{"line":324,"column":32},"end":{"line":324,"column":33}},"loc":{"start":{"line":324,"column":40},"end":{"line":328,"column":6}}},"21":{"name":"(anonymous_23)","decl":{"start":{"line":328,"column":13},"end":{"line":328,"column":14}},"loc":{"start":{"line":328,"column":23},"end":{"line":328,"column":54}}},"22":{"name":"(anonymous_24)","decl":{"start":{"line":331,"column":2},"end":{"line":331,"column":7}},"loc":{"start":{"line":331,"column":36},"end":{"line":355,"column":3}}},"23":{"name":"(anonymous_25)","decl":{"start":{"line":343,"column":35},"end":{"line":343,"column":36}},"loc":{"start":{"line":343,"column":48},"end":{"line":346,"column":6}}},"24":{"name":"(anonymous_26)","decl":{"start":{"line":352,"column":14},"end":{"line":352,"column":18}},"loc":{"start":{"line":352,"column":22},"end":{"line":352,"column":36}}},"25":{"name":"(anonymous_27)","decl":{"start":{"line":353,"column":12},"end":{"line":353,"column":13}},"loc":{"start":{"line":353,"column":22},"end":{"line":353,"column":39}}},"26":{"name":"(anonymous_28)","decl":{"start":{"line":358,"column":2},"end":{"line":358,"column":7}},"loc":{"start":{"line":358,"column":51},"end":{"line":431,"column":3}}},"27":{"name":"(anonymous_29)","decl":{"start":{"line":418,"column":15},"end":{"line":418,"column":18}},"loc":{"start":{"line":418,"column":20},"end":{"line":418,"column":24}}},"28":{"name":"(anonymous_30)","decl":{"start":{"line":433,"column":2},"end":{"line":433,"column":7}},"loc":{"start":{"line":433,"column":71},"end":{"line":450,"column":3}}}},"branchMap":{"0":{"loc":{"start":{"line":10,"column":15},"end":{"line":10,"column":23}},"type":"default-arg","locations":[{"start":{"line":10,"column":22},"end":{"line":10,"column":23}}]},"1":{"loc":{"start":{"line":10,"column":25},"end":{"line":10,"column":35}},"type":"default-arg","locations":[{"start":{"line":10,"column":33},"end":{"line":10,"column":35}}]},"2":{"loc":{"start":{"line":24,"column":4},"end":{"line":26,"column":5}},"type":"if","locations":[{"start":{"line":24,"column":4},"end":{"line":26,"column":5}},{"start":{},"end":{}}]},"3":{"loc":{"start":{"line":32,"column":4},"end":{"line":32,"column":27}},"type":"if","locations":[{"start":{"line":32,"column":4},"end":{"line":32,"column":27}},{"start":{},"end":{}}]},"4":{"loc":{"start":{"line":34,"column":18},"end":{"line":34,"column":28}},"type":"binary-expr","locations":[{"start":{"line":34,"column":18},"end":{"line":34,"column":22}},{"start":{"line":34,"column":26},"end":{"line":34,"column":28}}]},"5":{"loc":{"start":{"line":40,"column":21},"end":{"line":40,"column":43}},"type":"binary-expr","locations":[{"start":{"line":40,"column":21},"end":{"line":40,"column":38}},{"start":{"line":40,"column":42},"end":{"line":40,"column":43}}]},"6":{"loc":{"start":{"line":44,"column":4},"end":{"line":65,"column":5}},"type":"if","locations":[{"start":{"line":44,"column":4},"end":{"line":65,"column":5}},{"start":{},"end":{}}]},"7":{"loc":{"start":{"line":44,"column":8},"end":{"line":44,"column":49}},"type":"binary-expr","locations":[{"start":{"line":44,"column":8},"end":{"line":44,"column":28}},{"start":{"line":44,"column":32},"end":{"line":44,"column":49}}]},"8":{"loc":{"start":{"line":47,"column":6},"end":{"line":64,"column":7}},"type":"if","locations":[{"start":{"line":47,"column":6},"end":{"line":64,"column":7}},{"start":{},"end":{}}]},"9":{"loc":{"start":{"line":53,"column":36},"end":{"line":53,"column":71}},"type":"binary-expr","locations":[{"start":{"line":53,"column":36},"end":{"line":53,"column":65}},{"start":{"line":53,"column":69},"end":{"line":53,"column":71}}]},"10":{"loc":{"start":{"line":59,"column":20},"end":{"line":61,"column":20}},"type":"cond-expr","locations":[{"start":{"line":60,"column":16},"end":{"line":60,"column":64}},{"start":{"line":61,"column":16},"end":{"line":61,"column":20}}]},"11":{"loc":{"start":{"line":72,"column":15},"end":{"line":72,"column":25}},"type":"binary-expr","locations":[{"start":{"line":72,"column":15},"end":{"line":72,"column":20}},{"start":{"line":72,"column":24},"end":{"line":72,"column":25}}]},"12":{"loc":{"start":{"line":73,"column":26},"end":{"line":73,"column":36}},"type":"binary-expr","locations":[{"start":{"line":73,"column":26},"end":{"line":73,"column":31}},{"start":{"line":73,"column":35},"end":{"line":73,"column":36}}]},"13":{"loc":{"start":{"line":78,"column":29},"end":{"line":78,"column":37}},"type":"default-arg","locations":[{"start":{"line":78,"column":36},"end":{"line":78,"column":37}}]},"14":{"loc":{"start":{"line":78,"column":39},"end":{"line":78,"column":49}},"type":"default-arg","locations":[{"start":{"line":78,"column":47},"end":{"line":78,"column":49}}]},"15":{"loc":{"start":{"line":94,"column":4},"end":{"line":94,"column":27}},"type":"if","locations":[{"start":{"line":94,"column":4},"end":{"line":94,"column":27}},{"start":{},"end":{}}]},"16":{"loc":{"start":{"line":96,"column":18},"end":{"line":96,"column":28}},"type":"binary-expr","locations":[{"start":{"line":96,"column":18},"end":{"line":96,"column":22}},{"start":{"line":96,"column":26},"end":{"line":96,"column":28}}]},"17":{"loc":{"start":{"line":102,"column":21},"end":{"line":102,"column":43}},"type":"binary-expr","locations":[{"start":{"line":102,"column":21},"end":{"line":102,"column":38}},{"start":{"line":102,"column":42},"end":{"line":102,"column":43}}]},"18":{"loc":{"start":{"line":106,"column":4},"end":{"line":132,"column":5}},"type":"if","locations":[{"start":{"line":106,"column":4},"end":{"line":132,"column":5}},{"start":{},"end":{}}]},"19":{"loc":{"start":{"line":109,"column":6},"end":{"line":131,"column":7}},"type":"if","locations":[{"start":{"line":109,"column":6},"end":{"line":131,"column":7}},{"start":{},"end":{}}]},"20":{"loc":{"start":{"line":115,"column":36},"end":{"line":115,"column":71}},"type":"binary-expr","locations":[{"start":{"line":115,"column":36},"end":{"line":115,"column":65}},{"start":{"line":115,"column":69},"end":{"line":115,"column":71}}]},"21":{"loc":{"start":{"line":121,"column":20},"end":{"line":128,"column":20}},"type":"cond-expr","locations":[{"start":{"line":122,"column":16},"end":{"line":127,"column":null}},{"start":{"line":128,"column":16},"end":{"line":128,"column":20}}]},"22":{"loc":{"start":{"line":139,"column":15},"end":{"line":139,"column":25}},"type":"binary-expr","locations":[{"start":{"line":139,"column":15},"end":{"line":139,"column":20}},{"start":{"line":139,"column":24},"end":{"line":139,"column":25}}]},"23":{"loc":{"start":{"line":140,"column":26},"end":{"line":140,"column":36}},"type":"binary-expr","locations":[{"start":{"line":140,"column":26},"end":{"line":140,"column":31}},{"start":{"line":140,"column":35},"end":{"line":140,"column":36}}]},"24":{"loc":{"start":{"line":145,"column":46},"end":{"line":145,"column":54}},"type":"default-arg","locations":[{"start":{"line":145,"column":53},"end":{"line":145,"column":54}}]},"25":{"loc":{"start":{"line":145,"column":56},"end":{"line":145,"column":66}},"type":"default-arg","locations":[{"start":{"line":145,"column":64},"end":{"line":145,"column":66}}]},"26":{"loc":{"start":{"line":162,"column":4},"end":{"line":162,"column":27}},"type":"if","locations":[{"start":{"line":162,"column":4},"end":{"line":162,"column":27}},{"start":{},"end":{}}]},"27":{"loc":{"start":{"line":165,"column":13},"end":{"line":165,"column":23}},"type":"binary-expr","locations":[{"start":{"line":165,"column":13},"end":{"line":165,"column":17}},{"start":{"line":165,"column":21},"end":{"line":165,"column":23}}]},"28":{"loc":{"start":{"line":171,"column":23},"end":{"line":171,"column":45}},"type":"binary-expr","locations":[{"start":{"line":171,"column":23},"end":{"line":171,"column":40}},{"start":{"line":171,"column":44},"end":{"line":171,"column":45}}]},"29":{"loc":{"start":{"line":176,"column":15},"end":{"line":176,"column":25}},"type":"binary-expr","locations":[{"start":{"line":176,"column":15},"end":{"line":176,"column":20}},{"start":{"line":176,"column":24},"end":{"line":176,"column":25}}]},"30":{"loc":{"start":{"line":177,"column":26},"end":{"line":177,"column":36}},"type":"binary-expr","locations":[{"start":{"line":177,"column":26},"end":{"line":177,"column":31}},{"start":{"line":177,"column":35},"end":{"line":177,"column":36}}]},"31":{"loc":{"start":{"line":183,"column":4},"end":{"line":183,"column":49}},"type":"if","locations":[{"start":{"line":183,"column":4},"end":{"line":183,"column":49}},{"start":{},"end":{}}]},"32":{"loc":{"start":{"line":195,"column":4},"end":{"line":195,"column":39}},"type":"if","locations":[{"start":{"line":195,"column":4},"end":{"line":195,"column":39}},{"start":{},"end":{}}]},"33":{"loc":{"start":{"line":208,"column":4},"end":{"line":208,"column":27}},"type":"if","locations":[{"start":{"line":208,"column":4},"end":{"line":208,"column":27}},{"start":{},"end":{}}]},"34":{"loc":{"start":{"line":224,"column":4},"end":{"line":224,"column":80}},"type":"if","locations":[{"start":{"line":224,"column":4},"end":{"line":224,"column":80}},{"start":{},"end":{}}]},"35":{"loc":{"start":{"line":224,"column":8},"end":{"line":224,"column":22}},"type":"binary-expr","locations":[{"start":{"line":224,"column":8},"end":{"line":224,"column":13}},{"start":{"line":224,"column":17},"end":{"line":224,"column":22}}]},"36":{"loc":{"start":{"line":226,"column":4},"end":{"line":228,"column":5}},"type":"if","locations":[{"start":{"line":226,"column":4},"end":{"line":228,"column":5}},{"start":{},"end":{}}]},"37":{"loc":{"start":{"line":226,"column":8},"end":{"line":226,"column":54}},"type":"binary-expr","locations":[{"start":{"line":226,"column":8},"end":{"line":226,"column":27}},{"start":{"line":226,"column":31},"end":{"line":226,"column":54}}]},"38":{"loc":{"start":{"line":249,"column":4},"end":{"line":251,"column":5}},"type":"if","locations":[{"start":{"line":249,"column":4},"end":{"line":251,"column":5}},{"start":{},"end":{}}]},"39":{"loc":{"start":{"line":255,"column":4},"end":{"line":264,"column":5}},"type":"if","locations":[{"start":{"line":255,"column":4},"end":{"line":264,"column":5}},{"start":{},"end":{}}]},"40":{"loc":{"start":{"line":255,"column":8},"end":{"line":255,"column":45}},"type":"binary-expr","locations":[{"start":{"line":255,"column":8},"end":{"line":255,"column":19}},{"start":{"line":255,"column":23},"end":{"line":255,"column":45}}]},"41":{"loc":{"start":{"line":260,"column":11},"end":{"line":260,"column":41}},"type":"binary-expr","locations":[{"start":{"line":260,"column":11},"end":{"line":260,"column":36}},{"start":{"line":260,"column":40},"end":{"line":260,"column":41}}]},"42":{"loc":{"start":{"line":268,"column":6},"end":{"line":270,"column":11}},"type":"cond-expr","locations":[{"start":{"line":269,"column":10},"end":{"line":269,"column":61}},{"start":{"line":270,"column":10},"end":{"line":270,"column":11}}]},"43":{"loc":{"start":{"line":268,"column":6},"end":{"line":268,"column":48}},"type":"binary-expr","locations":[{"start":{"line":268,"column":6},"end":{"line":268,"column":23}},{"start":{"line":268,"column":27},"end":{"line":268,"column":48}}]},"44":{"loc":{"start":{"line":269,"column":22},"end":{"line":269,"column":39}},"type":"binary-expr","locations":[{"start":{"line":269,"column":22},"end":{"line":269,"column":34}},{"start":{"line":269,"column":38},"end":{"line":269,"column":39}}]},"45":{"loc":{"start":{"line":273,"column":25},"end":{"line":273,"column":47}},"type":"binary-expr","locations":[{"start":{"line":273,"column":25},"end":{"line":273,"column":42}},{"start":{"line":273,"column":46},"end":{"line":273,"column":47}}]},"46":{"loc":{"start":{"line":274,"column":20},"end":{"line":274,"column":37}},"type":"binary-expr","locations":[{"start":{"line":274,"column":20},"end":{"line":274,"column":32}},{"start":{"line":274,"column":36},"end":{"line":274,"column":37}}]},"47":{"loc":{"start":{"line":281,"column":4},"end":{"line":281,"column":68}},"type":"if","locations":[{"start":{"line":281,"column":4},"end":{"line":281,"column":68}},{"start":{},"end":{}}]},"48":{"loc":{"start":{"line":294,"column":25},"end":{"line":294,"column":42}},"type":"binary-expr","locations":[{"start":{"line":294,"column":25},"end":{"line":294,"column":37}},{"start":{"line":294,"column":41},"end":{"line":294,"column":42}}]},"49":{"loc":{"start":{"line":295,"column":20},"end":{"line":295,"column":32}},"type":"binary-expr","locations":[{"start":{"line":295,"column":20},"end":{"line":295,"column":27}},{"start":{"line":295,"column":31},"end":{"line":295,"column":32}}]},"50":{"loc":{"start":{"line":304,"column":4},"end":{"line":307,"column":5}},"type":"if","locations":[{"start":{"line":304,"column":4},"end":{"line":307,"column":5}},{"start":{},"end":{}}]},"51":{"loc":{"start":{"line":311,"column":6},"end":{"line":313,"column":7}},"type":"if","locations":[{"start":{"line":311,"column":6},"end":{"line":313,"column":7}},{"start":{},"end":{}}]},"52":{"loc":{"start":{"line":312,"column":29},"end":{"line":312,"column":51}},"type":"binary-expr","locations":[{"start":{"line":312,"column":29},"end":{"line":312,"column":46}},{"start":{"line":312,"column":50},"end":{"line":312,"column":51}}]},"53":{"loc":{"start":{"line":317,"column":4},"end":{"line":317,"column":40}},"type":"if","locations":[{"start":{"line":317,"column":4},"end":{"line":317,"column":40}},{"start":{},"end":{}}]},"54":{"loc":{"start":{"line":324,"column":12},"end":{"line":324,"column":26}},"type":"binary-expr","locations":[{"start":{"line":324,"column":12},"end":{"line":324,"column":20}},{"start":{"line":324,"column":24},"end":{"line":324,"column":26}}]},"55":{"loc":{"start":{"line":326,"column":14},"end":{"line":326,"column":33}},"type":"binary-expr","locations":[{"start":{"line":326,"column":14},"end":{"line":326,"column":22}},{"start":{"line":326,"column":26},"end":{"line":326,"column":33}}]},"56":{"loc":{"start":{"line":327,"column":20},"end":{"line":327,"column":37}},"type":"binary-expr","locations":[{"start":{"line":327,"column":20},"end":{"line":327,"column":32}},{"start":{"line":327,"column":36},"end":{"line":327,"column":37}}]},"57":{"loc":{"start":{"line":337,"column":4},"end":{"line":340,"column":5}},"type":"if","locations":[{"start":{"line":337,"column":4},"end":{"line":340,"column":5}},{"start":{},"end":{}}]},"58":{"loc":{"start":{"line":343,"column":19},"end":{"line":343,"column":29}},"type":"binary-expr","locations":[{"start":{"line":343,"column":19},"end":{"line":343,"column":23}},{"start":{"line":343,"column":27},"end":{"line":343,"column":29}}]},"59":{"loc":{"start":{"line":345,"column":13},"end":{"line":345,"column":35}},"type":"binary-expr","locations":[{"start":{"line":345,"column":13},"end":{"line":345,"column":30}},{"start":{"line":345,"column":34},"end":{"line":345,"column":35}}]},"60":{"loc":{"start":{"line":365,"column":4},"end":{"line":365,"column":86}},"type":"if","locations":[{"start":{"line":365,"column":4},"end":{"line":365,"column":86}},{"start":{},"end":{}}]},"61":{"loc":{"start":{"line":365,"column":8},"end":{"line":365,"column":28}},"type":"binary-expr","locations":[{"start":{"line":365,"column":8},"end":{"line":365,"column":13}},{"start":{"line":365,"column":17},"end":{"line":365,"column":28}}]},"62":{"loc":{"start":{"line":387,"column":4},"end":{"line":396,"column":5}},"type":"if","locations":[{"start":{"line":387,"column":4},"end":{"line":396,"column":5}},{"start":{},"end":{}}]},"63":{"loc":{"start":{"line":394,"column":6},"end":{"line":394,"column":57}},"type":"if","locations":[{"start":{"line":394,"column":6},"end":{"line":394,"column":57}},{"start":{},"end":{}}]},"64":{"loc":{"start":{"line":395,"column":6},"end":{"line":395,"column":54}},"type":"if","locations":[{"start":{"line":395,"column":6},"end":{"line":395,"column":54}},{"start":{},"end":{}}]},"65":{"loc":{"start":{"line":401,"column":4},"end":{"line":419,"column":5}},"type":"if","locations":[{"start":{"line":401,"column":4},"end":{"line":419,"column":5}},{"start":{},"end":{}}]},"66":{"loc":{"start":{"line":440,"column":4},"end":{"line":440,"column":77}},"type":"if","locations":[{"start":{"line":440,"column":4},"end":{"line":440,"column":77}},{"start":{},"end":{}}]},"67":{"loc":{"start":{"line":442,"column":4},"end":{"line":444,"column":5}},"type":"if","locations":[{"start":{"line":442,"column":4},"end":{"line":444,"column":5}},{"start":{},"end":{}}]},"68":{"loc":{"start":{"line":442,"column":8},"end":{"line":442,"column":64}},"type":"binary-expr","locations":[{"start":{"line":442,"column":8},"end":{"line":442,"column":31}},{"start":{"line":442,"column":35},"end":{"line":442,"column":64}}]},"69":{"loc":{"start":{"line":8,"column":41},"end":{"line":8,"column":60}},"type":"cond-expr","locations":[{"start":{"line":8,"column":56},"end":{"line":8,"column":60}},{"start":{"line":8,"column":56},"end":{"line":8,"column":60}}]},"70":{"loc":{"start":{"line":8,"column":41},"end":{"line":8,"column":56}},"type":"binary-expr","locations":[{"start":{"line":8,"column":41},"end":{"line":8,"column":60}},{"start":{"line":8,"column":41},"end":{"line":8,"column":56}}]}},"s":{"0":2,"1":2,"2":2,"3":2,"4":0,"5":0,"6":0,"7":0,"8":0,"9":0,"10":0,"11":0,"12":0,"13":0,"14":0,"15":0,"16":0,"17":0,"18":0,"19":0,"20":0,"21":0,"22":0,"23":0,"24":0,"25":0,"26":0,"27":0,"28":0,"29":0,"30":0,"31":0,"32":0,"33":0,"34":0,"35":0,"36":0,"37":0,"38":0,"39":0,"40":0,"41":0,"42":0,"43":0,"44":0,"45":0,"46":0,"47":0,"48":0,"49":0,"50":0,"51":0,"52":0,"53":0,"54":0,"55":0,"56":0,"57":0,"58":0,"59":0,"60":0,"61":0,"62":0,"63":0,"64":0,"65":0,"66":0,"67":0,"68":0,"69":0,"70":0,"71":0,"72":0,"73":0,"74":0,"75":0,"76":0,"77":0,"78":0,"79":0,"80":0,"81":0,"82":0,"83":0,"84":0,"85":0,"86":0,"87":0,"88":0,"89":0,"90":0,"91":0,"92":0,"93":0,"94":0,"95":0,"96":0,"97":0,"98":0,"99":0,"100":0,"101":0,"102":0,"103":0,"104":0,"105":0,"106":0,"107":0,"108":0,"109":0,"110":0,"111":0,"112":0,"113":0,"114":0,"115":0,"116":0,"117":0,"118":0,"119":0,"120":0,"121":0,"122":0,"123":0,"124":0,"125":0,"126":0,"127":0,"128":0,"129":0,"130":0,"131":0,"132":0,"133":0,"134":0,"135":2,"136":2},"f":{"0":0,"1":0,"2":0,"3":0,"4":0,"5":0,"6":0,"7":0,"8":0,"9":0,"10":0,"11":0,"12":0,"13":0,"14":0,"15":0,"16":0,"17":0,"18":0,"19":0,"20":0,"21":0,"22":0,"23":0,"24":0,"25":0,"26":0,"27":0,"28":0},"b":{"0":[0],"1":[0],"2":[0,0],"3":[0,0],"4":[0,0],"5":[0,0],"6":[0,0],"7":[0,0],"8":[0,0],"9":[0,0],"10":[0,0],"11":[0,0],"12":[0,0],"13":[0],"14":[0],"15":[0,0],"16":[0,0],"17":[0,0],"18":[0,0],"19":[0,0],"20":[0,0],"21":[0,0],"22":[0,0],"23":[0,0],"24":[0],"25":[0],"26":[0,0],"27":[0,0],"28":[0,0],"29":[0,0],"30":[0,0],"31":[0,0],"32":[0,0],"33":[0,0],"34":[0,0],"35":[0,0],"36":[0,0],"37":[0,0],"38":[0,0],"39":[0,0],"40":[0,0],"41":[0,0],"42":[0,0],"43":[0,0],"44":[0,0],"45":[0,0],"46":[0,0],"47":[0,0],"48":[0,0],"49":[0,0],"50":[0,0],"51":[0,0],"52":[0,0],"53":[0,0],"54":[0,0],"55":[0,0],"56":[0,0],"57":[0,0],"58":[0,0],"59":[0,0],"60":[0,0],"61":[0,0],"62":[0,0],"63":[0,0],"64":[0,0],"65":[0,0],"66":[0,0],"67":[0,0],"68":[0,0],"69":[2,0],"70":[2,2]}}
,"C:\\Users\\karen\\Downloads\\tracking-main\\apinpx\\src\\database\\database.module.ts": {"path":"C:\\Users\\karen\\Downloads\\tracking-main\\apinpx\\src\\database\\database.module.ts","statementMap":{"0":{"start":{"line":1,"column":0},"end":{"line":1,"column":40}},"1":{"start":{"line":2,"column":0},"end":{"line":2,"column":53}},"2":{"start":{"line":8,"column":7},"end":{"line":8,"column":null}},"3":{"start":{"line":8,"column":13},"end":{"line":8,"column":27}},"4":{"start":{"line":8,"column":13},"end":{"line":8,"column":null}}},"fnMap":{},"branchMap":{},"s":{"0":0,"1":0,"2":0,"3":0,"4":0},"f":{},"b":{}}
,"C:\\Users\\karen\\Downloads\\tracking-main\\apinpx\\src\\database\\supabase.service.ts": {"path":"C:\\Users\\karen\\Downloads\\tracking-main\\apinpx\\src\\database\\supabase.service.ts","statementMap":{"0":{"start":{"line":1,"column":0},"end":{"line":1,"column":44}},"1":{"start":{"line":2,"column":0},"end":{"line":2,"column":69}},"2":{"start":{"line":5,"column":7},"end":{"line":18,"column":null}},"3":{"start":{"line":9,"column":4},"end":{"line":12,"column":6}},"4":{"start":{"line":16,"column":4},"end":{"line":16,"column":25}},"5":{"start":{"line":5,"column":13},"end":{"line":5,"column":28}},"6":{"start":{"line":5,"column":13},"end":{"line":18,"column":null}}},"fnMap":{"0":{"name":"(anonymous_2)","decl":{"start":{"line":8,"column":2},"end":{"line":8,"column":null}},"loc":{"start":{"line":8,"column":2},"end":{"line":13,"column":3}}},"1":{"name":"(anonymous_3)","decl":{"start":{"line":15,"column":2},"end":{"line":15,"column":6}},"loc":{"start":{"line":15,"column":12},"end":{"line":17,"column":3}}}},"branchMap":{},"s":{"0":3,"1":3,"2":3,"3":0,"4":0,"5":3,"6":3},"f":{"0":0,"1":0},"b":{}}
,"C:\\Users\\karen\\Downloads\\tracking-main\\apinpx\\src\\tracking\\tracking.controller.ts": {"path":"C:\\Users\\karen\\Downloads\\tracking-main\\apinpx\\src\\tracking\\tracking.controller.ts","statementMap":{"0":{"start":{"line":1,"column":0},"end":{"line":1,"column":44}},"1":{"start":{"line":4,"column":7},"end":{"line":4,"column":null}},"2":{"start":{"line":4,"column":13},"end":{"line":4,"column":31}},"3":{"start":{"line":4,"column":13},"end":{"line":4,"column":null}}},"fnMap":{},"branchMap":{},"s":{"0":1,"1":1,"2":1,"3":1},"f":{},"b":{}}
,"C:\\Users\\karen\\Downloads\\tracking-main\\apinpx\\src\\tracking\\tracking.module.ts": {"path":"C:\\Users\\karen\\Downloads\\tracking-main\\apinpx\\src\\tracking\\tracking.module.ts","statementMap":{"0":{"start":{"line":1,"column":0},"end":{"line":1,"column":40}},"1":{"start":{"line":2,"column":0},"end":{"line":2,"column":59}},"2":{"start":{"line":3,"column":0},"end":{"line":3,"column":53}},"3":{"start":{"line":9,"column":7},"end":{"line":9,"column":null}},"4":{"start":{"line":9,"column":13},"end":{"line":9,"column":27}},"5":{"start":{"line":9,"column":13},"end":{"line":9,"column":null}}},"fnMap":{},"branchMap":{},"s":{"0":0,"1":0,"2":0,"3":0,"4":0,"5":0},"f":{},"b":{}}
,"C:\\Users\\karen\\Downloads\\tracking-main\\apinpx\\src\\tracking\\tracking.service.ts": {"path":"C:\\Users\\karen\\Downloads\\tracking-main\\apinpx\\src\\tracking\\tracking.service.ts","statementMap":{"0":{"start":{"line":1,"column":0},"end":{"line":1,"column":44}},"1":{"start":{"line":4,"column":7},"end":{"line":4,"column":null}},"2":{"start":{"line":4,"column":13},"end":{"line":4,"column":28}},"3":{"start":{"line":4,"column":13},"end":{"line":4,"column":null}}},"fnMap":{},"branchMap":{},"s":{"0":1,"1":1,"2":1,"3":1},"f":{},"b":{}}
}
