TN:
SF:src\app.controller.ts
FN:6,(anonymous_2)
FN:9,(anonymous_3)
FNF:2
FNH:0
FNDA:0,(anonymous_2)
FNDA:0,(anonymous_3)
DA:1,1
DA:2,1
DA:5,1
DA:6,0
DA:9,1
DA:10,0
DA:11,0
DA:16,0
DA:17,0
DA:20,0
LF:10
LH:4
BRDA:16,0,0,0
BRDA:16,0,1,0
BRDA:6,1,0,1
BRDA:6,1,1,0
BRDA:6,2,0,1
BRDA:6,2,1,1
BRF:6
BRH:3
end_of_record
TN:
SF:src\app.module.ts
FNF:0
FNH:0
DA:1,0
DA:2,0
DA:3,0
DA:4,0
DA:5,0
DA:6,0
DA:7,0
DA:8,0
DA:9,0
DA:23,0
LF:10
LH:0
BRF:0
BRH:0
end_of_record
TN:
SF:src\app.service.ts
FN:5,(anonymous_1)
FNF:1
FNH:0
FNDA:0,(anonymous_1)
DA:1,1
DA:4,1
DA:6,0
LF:3
LH:2
BRF:0
BRH:0
end_of_record
TN:
SF:src\main.ts
FN:4,bootstrap
FNF:1
FNH:0
FNDA:0,bootstrap
DA:1,0
DA:2,0
DA:5,0
DA:8,0
DA:17,0
DA:18,0
DA:20,0
DA:22,0
LF:8
LH:0
BRDA:17,0,0,0
BRDA:17,0,1,0
BRF:2
BRH:0
end_of_record
TN:
SF:src\auth\auth.controller.ts
FN:20,(anonymous_4)
FN:25,(anonymous_5)
FN:33,(anonymous_6)
FN:48,(anonymous_7)
FN:56,(anonymous_8)
FN:64,(anonymous_9)
FN:77,(anonymous_10)
FN:84,(anonymous_11)
FN:94,(anonymous_12)
FNF:9
FNH:0
FNDA:0,(anonymous_4)
FNDA:0,(anonymous_5)
FNDA:0,(anonymous_6)
FNDA:0,(anonymous_7)
FNDA:0,(anonymous_8)
FNDA:0,(anonymous_9)
FNDA:0,(anonymous_10)
FNDA:0,(anonymous_11)
FNDA:0,(anonymous_12)
DA:1,0
DA:10,0
DA:11,0
DA:12,0
DA:13,0
DA:14,0
DA:15,0
DA:16,0
DA:19,0
DA:20,0
DA:25,0
DA:26,0
DA:33,0
DA:39,0
DA:48,0
DA:49,0
DA:56,0
DA:57,0
DA:64,0
DA:68,0
DA:77,0
DA:78,0
DA:84,0
DA:85,0
DA:94,0
DA:98,0
DA:99,0
DA:103,0
DA:106,0
DA:108,0
LF:30
LH:0
BRDA:98,0,0,0
BRDA:98,0,1,0
BRDA:95,1,0,0
BRDA:95,1,1,0
BRDA:95,2,0,0
BRDA:95,2,1,0
BRDA:95,2,2,0
BRDA:20,3,0,0
BRDA:20,3,1,0
BRDA:20,4,0,0
BRDA:20,4,1,0
BRF:11
BRH:0
end_of_record
TN:
SF:src\auth\auth.module.ts
FNF:0
FNH:0
DA:1,0
DA:2,0
DA:3,0
DA:4,0
DA:5,0
DA:6,0
DA:7,0
DA:8,0
DA:9,0
DA:10,0
DA:35,0
LF:11
LH:0
BRDA:17,0,0,0
BRDA:17,0,1,0
BRF:2
BRH:0
end_of_record
TN:
SF:src\auth\auth.service.ts
FN:15,(anonymous_11)
FN:23,(anonymous_12)
FN:65,(anonymous_13)
FN:90,(anonymous_14)
FN:113,(anonymous_15)
FN:159,(anonymous_16)
FN:172,(anonymous_17)
FN:185,(anonymous_18)
FN:196,(anonymous_19)
FN:227,(anonymous_20)
FN:244,(anonymous_21)
FNF:11
FNH:0
FNDA:0,(anonymous_11)
FNDA:0,(anonymous_12)
FNDA:0,(anonymous_13)
FNDA:0,(anonymous_14)
FNDA:0,(anonymous_15)
FNDA:0,(anonymous_16)
FNDA:0,(anonymous_17)
FNDA:0,(anonymous_18)
FNDA:0,(anonymous_19)
FNDA:0,(anonymous_20)
FNDA:0,(anonymous_21)
DA:1,0
DA:2,0
DA:3,0
DA:4,0
DA:12,0
DA:13,0
DA:16,0
DA:17,0
DA:25,0
DA:26,0
DA:27,0
DA:30,0
DA:36,0
DA:42,0
DA:43,0
DA:44,0
DA:48,0
DA:50,0
DA:51,0
DA:52,0
DA:56,0
DA:58,0
DA:59,0
DA:66,0
DA:70,0
DA:72,0
DA:73,0
DA:74,0
DA:77,0
DA:79,0
DA:80,0
DA:81,0
DA:91,0
DA:98,0
DA:120,0
DA:126,0
DA:127,0
DA:131,0
DA:132,0
DA:136,0
DA:137,0
DA:140,0
DA:151,0
DA:153,0
DA:160,0
DA:165,0
DA:166,0
DA:173,0
DA:178,0
DA:179,0
DA:186,0
DA:187,0
DA:189,0
DA:200,0
DA:206,0
DA:207,0
DA:210,0
DA:212,0
DA:217,0
DA:218,0
DA:221,0
DA:228,0
DA:234,0
DA:235,0
DA:238,0
DA:246,0
DA:249,0
DA:250,0
DA:251,0
DA:254,0
DA:262,0
DA:263,0
DA:264,0
DA:268,0
DA:274,0
DA:279,0
DA:280,0
DA:281,0
DA:284,0
LF:79
LH:0
BRDA:26,0,0,0
BRDA:26,0,1,0
BRDA:26,1,0,0
BRDA:26,1,1,0
BRDA:42,2,0,0
BRDA:42,2,1,0
BRDA:42,3,0,0
BRDA:42,3,1,0
BRDA:50,4,0,0
BRDA:50,4,1,0
BRDA:66,5,0,0
BRDA:66,5,1,0
BRDA:72,6,0,0
BRDA:72,6,1,0
BRDA:80,7,0,0
BRDA:80,7,1,0
BRDA:95,8,0,0
BRDA:95,8,1,0
BRDA:104,9,0,0
BRDA:104,9,1,0
BRDA:117,10,0,0
BRDA:126,11,0,0
BRDA:126,11,1,0
BRDA:131,12,0,0
BRDA:131,12,1,0
BRDA:151,13,0,0
BRDA:151,13,1,0
BRDA:165,14,0,0
BRDA:165,14,1,0
BRDA:178,15,0,0
BRDA:178,15,1,0
BRDA:206,16,0,0
BRDA:206,16,1,0
BRDA:206,17,0,0
BRDA:206,17,1,0
BRDA:217,18,0,0
BRDA:217,18,1,0
BRDA:234,19,0,0
BRDA:234,19,1,0
BRDA:234,20,0,0
BRDA:234,20,1,0
BRDA:262,21,0,0
BRDA:262,21,1,0
BRDA:279,22,0,0
BRDA:279,22,1,0
BRDA:16,23,0,0
BRDA:16,23,1,0
BRDA:16,24,0,0
BRDA:16,24,1,0
BRDA:16,25,0,0
BRDA:16,25,1,0
BRDA:16,26,0,0
BRDA:16,26,1,0
BRF:53
BRH:0
end_of_record
TN:
SF:src\auth\current-user.decorator.ts
FN:4,(anonymous_0)
FNF:1
FNH:0
FNDA:0,(anonymous_0)
DA:1,1
DA:3,1
DA:5,0
DA:6,0
LF:4
LH:2
BRF:0
BRH:0
end_of_record
TN:
SF:src\auth\jwt-auth.guard.ts
FNF:0
FNH:0
DA:1,1
DA:2,1
DA:5,1
LF:3
LH:3
BRF:0
BRH:0
end_of_record
TN:
SF:src\auth\jwt.strategy.ts
FN:8,(anonymous_2)
FN:16,(anonymous_3)
FNF:2
FNH:0
FNDA:0,(anonymous_2)
FNDA:0,(anonymous_3)
DA:1,0
DA:2,0
DA:3,0
DA:4,0
DA:7,0
DA:8,0
DA:9,0
DA:18,0
DA:24,0
DA:25,0
DA:28,0
LF:11
LH:0
BRDA:12,0,0,0
BRDA:12,0,1,0
BRDA:24,1,0,0
BRDA:24,1,1,0
BRDA:24,2,0,0
BRDA:24,2,1,0
BRDA:32,3,0,0
BRDA:32,3,1,0
BRDA:8,4,0,0
BRDA:8,4,1,0
BRDA:8,5,0,0
BRDA:8,5,1,0
BRF:12
BRH:0
end_of_record
TN:
SF:src\auth\local-auth.guard.ts
FNF:0
FNH:0
DA:1,0
DA:2,0
DA:5,0
LF:3
LH:0
BRF:0
BRH:0
end_of_record
TN:
SF:src\auth\local.strategy.ts
FN:8,(anonymous_2)
FN:14,(anonymous_3)
FNF:2
FNH:0
FNDA:0,(anonymous_2)
FNDA:0,(anonymous_3)
DA:1,0
DA:2,0
DA:3,0
DA:4,0
DA:7,0
DA:8,0
DA:9,0
DA:15,0
DA:16,0
DA:17,0
DA:19,0
LF:11
LH:0
BRDA:16,0,0,0
BRDA:16,0,1,0
BRDA:8,1,0,0
BRDA:8,1,1,0
BRDA:8,2,0,0
BRDA:8,2,1,0
BRF:6
BRH:0
end_of_record
TN:
SF:src\auth\roles.decorator.ts
FN:4,(anonymous_0)
FNF:1
FNH:1
FNDA:10,(anonymous_0)
DA:1,1
DA:3,1
DA:4,10
LF:3
LH:3
BRF:0
BRH:0
end_of_record
TN:
SF:src\auth\roles.guard.ts
FN:7,(anonymous_2)
FN:9,(anonymous_3)
FN:25,(anonymous_4)
FNF:3
FNH:1
FNDA:1,(anonymous_2)
FNDA:0,(anonymous_3)
FNDA:0,(anonymous_4)
DA:1,1
DA:2,1
DA:3,1
DA:6,1
DA:7,1
DA:10,0
DA:15,0
DA:16,0
DA:19,0
DA:21,0
DA:22,0
DA:25,0
LF:12
LH:5
BRDA:15,0,0,0
BRDA:15,0,1,0
BRDA:21,1,0,0
BRDA:21,1,1,0
BRDA:7,2,0,1
BRDA:7,2,1,0
BRDA:7,3,0,1
BRDA:7,3,1,1
BRF:8
BRH:3
end_of_record
TN:
SF:src\cotizaciones\cotizaciones.controller.ts
FN:34,(anonymous_4)
FN:43,(anonymous_5)
FN:53,(anonymous_6)
FN:64,(anonymous_7)
FN:71,(anonymous_8)
FN:78,(anonymous_9)
FN:89,(anonymous_10)
FN:106,(anonymous_11)
FN:117,(anonymous_12)
FN:124,(anonymous_13)
FN:131,(anonymous_14)
FN:144,(anonymous_15)
FN:147,(anonymous_16)
FNF:13
FNH:0
FNDA:0,(anonymous_4)
FNDA:0,(anonymous_5)
FNDA:0,(anonymous_6)
FNDA:0,(anonymous_7)
FNDA:0,(anonymous_8)
FNDA:0,(anonymous_9)
FNDA:0,(anonymous_10)
FNDA:0,(anonymous_11)
FNDA:0,(anonymous_12)
FNDA:0,(anonymous_13)
FNDA:0,(anonymous_14)
FNDA:0,(anonymous_15)
FNDA:0,(anonymous_16)
DA:1,1
DA:16,1
DA:17,1
DA:18,1
DA:19,1
DA:20,1
DA:21,1
DA:33,1
DA:34,0
DA:43,1
DA:47,0
DA:53,1
DA:58,0
DA:64,1
DA:65,0
DA:71,1
DA:72,0
DA:78,1
DA:79,0
DA:89,1
DA:94,0
DA:106,1
DA:111,0
DA:117,1
DA:118,0
DA:124,1
DA:125,0
DA:131,1
DA:135,0
DA:143,1
DA:144,0
DA:147,1
DA:151,0
DA:153,0
DA:154,0
DA:158,0
LF:36
LH:20
BRDA:44,0,0,0
BRDA:45,1,0,0
BRDA:55,2,0,0
BRDA:56,3,0,0
BRDA:90,4,0,0
BRDA:91,5,0,0
BRDA:107,6,0,0
BRDA:107,6,1,1
BRDA:107,7,0,1
BRDA:107,7,1,0
BRDA:107,7,2,0
BRDA:34,8,0,1
BRDA:34,8,1,0
BRDA:34,9,0,1
BRDA:34,9,1,1
BRDA:153,10,0,0
BRDA:153,10,1,0
BRDA:144,11,0,1
BRDA:144,11,1,0
BRDA:144,12,0,1
BRDA:144,12,1,1
BRF:21
BRH:8
end_of_record
TN:
SF:src\cotizaciones\cotizaciones.module.ts
FNF:0
FNH:0
DA:2,0
DA:3,0
DA:7,0
DA:8,0
DA:19,0
LF:5
LH:0
BRF:0
BRH:0
end_of_record
TN:
SF:src\cotizaciones\cotizaciones.service.ts
FN:8,(anonymous_2)
FN:10,(anonymous_3)
FN:34,(anonymous_4)
FN:45,(anonymous_5)
FN:53,(anonymous_6)
FN:55,(anonymous_7)
FN:78,(anonymous_8)
FN:96,(anonymous_9)
FN:107,(anonymous_10)
FN:115,(anonymous_11)
FN:117,(anonymous_12)
FN:145,(anonymous_13)
FN:165,(anonymous_14)
FN:182,(anonymous_15)
FN:217,(anonymous_16)
FN:233,(anonymous_17)
FN:258,(anonymous_18)
FN:280,(anonymous_19)
FN:299,(anonymous_20)
FN:310,(anonymous_21)
FN:324,(anonymous_22)
FN:328,(anonymous_23)
FN:331,(anonymous_24)
FN:343,(anonymous_25)
FN:352,(anonymous_26)
FN:353,(anonymous_27)
FN:358,(anonymous_28)
FN:418,(anonymous_29)
FN:433,(anonymous_30)
FNF:29
FNH:0
FNDA:0,(anonymous_2)
FNDA:0,(anonymous_3)
FNDA:0,(anonymous_4)
FNDA:0,(anonymous_5)
FNDA:0,(anonymous_6)
FNDA:0,(anonymous_7)
FNDA:0,(anonymous_8)
FNDA:0,(anonymous_9)
FNDA:0,(anonymous_10)
FNDA:0,(anonymous_11)
FNDA:0,(anonymous_12)
FNDA:0,(anonymous_13)
FNDA:0,(anonymous_14)
FNDA:0,(anonymous_15)
FNDA:0,(anonymous_16)
FNDA:0,(anonymous_17)
FNDA:0,(anonymous_18)
FNDA:0,(anonymous_19)
FNDA:0,(anonymous_20)
FNDA:0,(anonymous_21)
FNDA:0,(anonymous_22)
FNDA:0,(anonymous_23)
FNDA:0,(anonymous_24)
FNDA:0,(anonymous_25)
FNDA:0,(anonymous_26)
FNDA:0,(anonymous_27)
FNDA:0,(anonymous_28)
FNDA:0,(anonymous_29)
FNDA:0,(anonymous_30)
DA:1,2
DA:2,2
DA:3,2
DA:7,2
DA:8,0
DA:11,0
DA:12,0
DA:14,0
DA:24,0
DA:25,0
DA:28,0
DA:32,0
DA:34,0
DA:44,0
DA:45,0
DA:47,0
DA:48,0
DA:53,0
DA:55,0
DA:56,0
DA:57,0
DA:67,0
DA:79,0
DA:80,0
DA:82,0
DA:94,0
DA:96,0
DA:106,0
DA:107,0
DA:109,0
DA:110,0
DA:115,0
DA:117,0
DA:118,0
DA:119,0
DA:134,0
DA:146,0
DA:147,0
DA:149,0
DA:162,0
DA:164,0
DA:165,0
DA:183,0
DA:185,0
DA:186,0
DA:188,0
DA:195,0
DA:197,0
DA:208,0
DA:210,0
DA:218,0
DA:224,0
DA:226,0
DA:227,0
DA:230,0
DA:235,0
DA:240,0
DA:245,0
DA:249,0
DA:250,0
DA:253,0
DA:255,0
DA:256,0
DA:258,0
DA:259,0
DA:263,0
DA:268,0
DA:272,0
DA:281,0
DA:283,0
DA:288,0
DA:293,0
DA:300,0
DA:304,0
DA:305,0
DA:306,0
DA:309,0
DA:310,0
DA:311,0
DA:312,0
DA:316,0
DA:317,0
DA:319,0
DA:324,0
DA:328,0
DA:333,0
DA:337,0
DA:338,0
DA:339,0
DA:343,0
DA:351,0
DA:352,0
DA:353,0
DA:359,0
DA:365,0
DA:367,0
DA:379,0
DA:384,0
DA:385,0
DA:387,0
DA:388,0
DA:394,0
DA:395,0
DA:401,0
DA:402,0
DA:421,0
DA:425,0
DA:434,0
DA:440,0
DA:442,0
DA:443,0
DA:446,0
DA:447,0
DA:449,0
LF:114
LH:4
BRDA:10,0,0,0
BRDA:10,1,0,0
BRDA:24,2,0,0
BRDA:24,2,1,0
BRDA:32,3,0,0
BRDA:32,3,1,0
BRDA:34,4,0,0
BRDA:34,4,1,0
BRDA:40,5,0,0
BRDA:40,5,1,0
BRDA:44,6,0,0
BRDA:44,6,1,0
BRDA:44,7,0,0
BRDA:44,7,1,0
BRDA:47,8,0,0
BRDA:47,8,1,0
BRDA:53,9,0,0
BRDA:53,9,1,0
BRDA:59,10,0,0
BRDA:59,10,1,0
BRDA:72,11,0,0
BRDA:72,11,1,0
BRDA:73,12,0,0
BRDA:73,12,1,0
BRDA:78,13,0,0
BRDA:78,14,0,0
BRDA:94,15,0,0
BRDA:94,15,1,0
BRDA:96,16,0,0
BRDA:96,16,1,0
BRDA:102,17,0,0
BRDA:102,17,1,0
BRDA:106,18,0,0
BRDA:106,18,1,0
BRDA:109,19,0,0
BRDA:109,19,1,0
BRDA:115,20,0,0
BRDA:115,20,1,0
BRDA:121,21,0,0
BRDA:121,21,1,0
BRDA:139,22,0,0
BRDA:139,22,1,0
BRDA:140,23,0,0
BRDA:140,23,1,0
BRDA:145,24,0,0
BRDA:145,25,0,0
BRDA:162,26,0,0
BRDA:162,26,1,0
BRDA:165,27,0,0
BRDA:165,27,1,0
BRDA:171,28,0,0
BRDA:171,28,1,0
BRDA:176,29,0,0
BRDA:176,29,1,0
BRDA:177,30,0,0
BRDA:177,30,1,0
BRDA:183,31,0,0
BRDA:183,31,1,0
BRDA:195,32,0,0
BRDA:195,32,1,0
BRDA:208,33,0,0
BRDA:208,33,1,0
BRDA:224,34,0,0
BRDA:224,34,1,0
BRDA:224,35,0,0
BRDA:224,35,1,0
BRDA:226,36,0,0
BRDA:226,36,1,0
BRDA:226,37,0,0
BRDA:226,37,1,0
BRDA:249,38,0,0
BRDA:249,38,1,0
BRDA:255,39,0,0
BRDA:255,39,1,0
BRDA:255,40,0,0
BRDA:255,40,1,0
BRDA:260,41,0,0
BRDA:260,41,1,0
BRDA:268,42,0,0
BRDA:268,42,1,0
BRDA:268,43,0,0
BRDA:268,43,1,0
BRDA:269,44,0,0
BRDA:269,44,1,0
BRDA:273,45,0,0
BRDA:273,45,1,0
BRDA:274,46,0,0
BRDA:274,46,1,0
BRDA:281,47,0,0
BRDA:281,47,1,0
BRDA:294,48,0,0
BRDA:294,48,1,0
BRDA:295,49,0,0
BRDA:295,49,1,0
BRDA:304,50,0,0
BRDA:304,50,1,0
BRDA:311,51,0,0
BRDA:311,51,1,0
BRDA:312,52,0,0
BRDA:312,52,1,0
BRDA:317,53,0,0
BRDA:317,53,1,0
BRDA:324,54,0,0
BRDA:324,54,1,0
BRDA:326,55,0,0
BRDA:326,55,1,0
BRDA:327,56,0,0
BRDA:327,56,1,0
BRDA:337,57,0,0
BRDA:337,57,1,0
BRDA:343,58,0,0
BRDA:343,58,1,0
BRDA:345,59,0,0
BRDA:345,59,1,0
BRDA:365,60,0,0
BRDA:365,60,1,0
BRDA:365,61,0,0
BRDA:365,61,1,0
BRDA:387,62,0,0
BRDA:387,62,1,0
BRDA:394,63,0,0
BRDA:394,63,1,0
BRDA:395,64,0,0
BRDA:395,64,1,0
BRDA:401,65,0,0
BRDA:401,65,1,0
BRDA:440,66,0,0
BRDA:440,66,1,0
BRDA:442,67,0,0
BRDA:442,67,1,0
BRDA:442,68,0,0
BRDA:442,68,1,0
BRDA:8,69,0,2
BRDA:8,69,1,0
BRDA:8,70,0,2
BRDA:8,70,1,2
BRF:136
BRH:3
end_of_record
TN:
SF:src\database\database.module.ts
FNF:0
FNH:0
DA:1,0
DA:2,0
DA:8,0
LF:3
LH:0
BRF:0
BRH:0
end_of_record
TN:
SF:src\database\supabase.service.ts
FN:8,(anonymous_2)
FN:15,(anonymous_3)
FNF:2
FNH:0
FNDA:0,(anonymous_2)
FNDA:0,(anonymous_3)
DA:1,3
DA:2,3
DA:5,3
DA:9,0
DA:16,0
LF:5
LH:3
BRF:0
BRH:0
end_of_record
TN:
SF:src\tracking\tracking.controller.ts
FNF:0
FNH:0
DA:1,1
DA:4,1
LF:2
LH:2
BRF:0
BRH:0
end_of_record
TN:
SF:src\tracking\tracking.module.ts
FNF:0
FNH:0
DA:1,0
DA:2,0
DA:3,0
DA:9,0
LF:4
LH:0
BRF:0
BRH:0
end_of_record
TN:
SF:src\tracking\tracking.service.ts
FNF:0
FNH:0
DA:1,1
DA:4,1
LF:2
LH:2
BRF:0
BRH:0
end_of_record
